2019-10-22 14:25:33 ERROR com.house365.collector.base.pipeline.ActiveMQPipeline main: - Could not connect to broker URL: tcp://localhost:61616. Reason: java.net.ConnectException: Connection refused (Connection refused)
javax.jms.JMSException: Could not connect to broker URL: tcp://localhost:61616. Reason: java.net.ConnectException: Connection refused (Connection refused)
	at org.apache.activemq.util.JMSExceptionSupport.create(JMSExceptionSupport.java:36)
	at org.apache.activemq.ActiveMQConnectionFactory.createActiveMQConnection(ActiveMQConnectionFactory.java:374)
	at org.apache.activemq.ActiveMQConnectionFactory.createActiveMQConnection(ActiveMQConnectionFactory.java:304)
	at org.apache.activemq.ActiveMQConnectionFactory.createConnection(ActiveMQConnectionFactory.java:244)
	at com.house365.collector.base.pipeline.ActiveMQPipeline.init(ActiveMQPipeline.java:27)
	at com.house365.collector.base.pipeline.ActiveMQPipeline.<init>(ActiveMQPipeline.java:42)
	at com.house365.collector.anjuke.sell.AnjukeSellLauncher.startBySubDistrict(AnjukeSellLauncher.java:178)
	at com.house365.collector.anjuke.sell.AnjukeSellLauncher.main(AnjukeSellLauncher.java:146)
Caused by: java.net.ConnectException: Connection refused (Connection refused)
	at java.net.PlainSocketImpl.socketConnect(Native Method)
	at java.net.AbstractPlainSocketImpl.doConnect(AbstractPlainSocketImpl.java:350)
	at java.net.AbstractPlainSocketImpl.connectToAddress(AbstractPlainSocketImpl.java:206)
	at java.net.AbstractPlainSocketImpl.connect(AbstractPlainSocketImpl.java:188)
	at java.net.SocksSocketImpl.connect(SocksSocketImpl.java:392)
	at java.net.Socket.connect(Socket.java:589)
	at org.apache.activemq.transport.tcp.TcpTransport.connect(TcpTransport.java:525)
	at org.apache.activemq.transport.tcp.TcpTransport.doStart(TcpTransport.java:488)
	at org.apache.activemq.util.ServiceSupport.start(ServiceSupport.java:55)
	at org.apache.activemq.transport.AbstractInactivityMonitor.start(AbstractInactivityMonitor.java:169)
	at org.apache.activemq.transport.InactivityMonitor.start(InactivityMonitor.java:52)
	at org.apache.activemq.transport.TransportFilter.start(TransportFilter.java:64)
	at org.apache.activemq.transport.WireFormatNegotiator.start(WireFormatNegotiator.java:72)
	at org.apache.activemq.transport.TransportFilter.start(TransportFilter.java:64)
	at org.apache.activemq.transport.TransportFilter.start(TransportFilter.java:64)
	at org.apache.activemq.ActiveMQConnectionFactory.createActiveMQConnection(ActiveMQConnectionFactory.java:354)
	... 6 common frames omitted
2019-10-22 14:25:34 ERROR com.house365.collector.base.proxy.MyProxyProvider pool-1-thread-10: - Failed to connect to /192.168.10.221:8080
java.net.ConnectException: Failed to connect to /192.168.10.221:8080
	at okhttp3.internal.connection.RealConnection.connectSocket(RealConnection.java:265)
	at okhttp3.internal.connection.RealConnection.connect(RealConnection.java:183)
	at okhttp3.internal.connection.ExchangeFinder.findConnection(ExchangeFinder.java:224)
	at okhttp3.internal.connection.ExchangeFinder.findHealthyConnection(ExchangeFinder.java:108)
	at okhttp3.internal.connection.ExchangeFinder.find(ExchangeFinder.java:88)
	at okhttp3.internal.connection.Transmitter.newExchange(Transmitter.java:169)
	at okhttp3.internal.connection.ConnectInterceptor.intercept(ConnectInterceptor.java:41)
	at okhttp3.internal.http.RealInterceptorChain.proceed(RealInterceptorChain.java:142)
	at okhttp3.internal.http.RealInterceptorChain.proceed(RealInterceptorChain.java:117)
	at okhttp3.internal.cache.CacheInterceptor.intercept(CacheInterceptor.java:94)
	at okhttp3.internal.http.RealInterceptorChain.proceed(RealInterceptorChain.java:142)
	at okhttp3.internal.http.RealInterceptorChain.proceed(RealInterceptorChain.java:117)
	at okhttp3.internal.http.BridgeInterceptor.intercept(BridgeInterceptor.java:93)
	at okhttp3.internal.http.RealInterceptorChain.proceed(RealInterceptorChain.java:142)
	at okhttp3.internal.http.RetryAndFollowUpInterceptor.intercept(RetryAndFollowUpInterceptor.java:88)
	at okhttp3.internal.http.RealInterceptorChain.proceed(RealInterceptorChain.java:142)
	at okhttp3.internal.http.RealInterceptorChain.proceed(RealInterceptorChain.java:117)
	at okhttp3.RealCall.getResponseWithInterceptorChain(RealCall.java:221)
	at okhttp3.RealCall.execute(RealCall.java:81)
	at com.house365.collector.base.proxy.MyProxyProvider.getProxy(MyProxyProvider.java:49)
	at com.house365.collector.anjuke.sell.downloader.AnjukeDownloader.download(AnjukeDownloader.java:84)
	at us.codecraft.webmagic.Spider.processRequest(Spider.java:404)
	at us.codecraft.webmagic.Spider.access$000(Spider.java:61)
	at us.codecraft.webmagic.Spider$1.run(Spider.java:320)
	at us.codecraft.webmagic.thread.CountableThreadPool$1.run(CountableThreadPool.java:74)
	at java.util.concurrent.ThreadPoolExecutor.runWorker(ThreadPoolExecutor.java:1149)
	at java.util.concurrent.ThreadPoolExecutor$Worker.run(ThreadPoolExecutor.java:624)
	at java.lang.Thread.run(Thread.java:748)
Caused by: java.net.ConnectException: Connection refused (Connection refused)
	at java.net.PlainSocketImpl.socketConnect(Native Method)
	at java.net.AbstractPlainSocketImpl.doConnect(AbstractPlainSocketImpl.java:350)
	at java.net.AbstractPlainSocketImpl.connectToAddress(AbstractPlainSocketImpl.java:206)
	at java.net.AbstractPlainSocketImpl.connect(AbstractPlainSocketImpl.java:188)
	at java.net.SocksSocketImpl.connect(SocksSocketImpl.java:392)
	at java.net.Socket.connect(Socket.java:589)
	at okhttp3.internal.platform.Platform.connectSocket(Platform.java:130)
	at okhttp3.internal.connection.RealConnection.connectSocket(RealConnection.java:263)
	... 27 common frames omitted
2019-10-22 14:25:34 ERROR com.house365.collector.base.proxy.MyProxyProvider pool-1-thread-7: - Failed to connect to /192.168.10.221:8080
java.net.ConnectException: Failed to connect to /192.168.10.221:8080
	at okhttp3.internal.connection.RealConnection.connectSocket(RealConnection.java:265)
	at okhttp3.internal.connection.RealConnection.connect(RealConnection.java:183)
	at okhttp3.internal.connection.ExchangeFinder.findConnection(ExchangeFinder.java:224)
	at okhttp3.internal.connection.ExchangeFinder.findHealthyConnection(ExchangeFinder.java:108)
	at okhttp3.internal.connection.ExchangeFinder.find(ExchangeFinder.java:88)
	at okhttp3.internal.connection.Transmitter.newExchange(Transmitter.java:169)
	at okhttp3.internal.connection.ConnectInterceptor.intercept(ConnectInterceptor.java:41)
	at okhttp3.internal.http.RealInterceptorChain.proceed(RealInterceptorChain.java:142)
	at okhttp3.internal.http.RealInterceptorChain.proceed(RealInterceptorChain.java:117)
	at okhttp3.internal.cache.CacheInterceptor.intercept(CacheInterceptor.java:94)
	at okhttp3.internal.http.RealInterceptorChain.proceed(RealInterceptorChain.java:142)
	at okhttp3.internal.http.RealInterceptorChain.proceed(RealInterceptorChain.java:117)
	at okhttp3.internal.http.BridgeInterceptor.intercept(BridgeInterceptor.java:93)
	at okhttp3.internal.http.RealInterceptorChain.proceed(RealInterceptorChain.java:142)
	at okhttp3.internal.http.RetryAndFollowUpInterceptor.intercept(RetryAndFollowUpInterceptor.java:88)
	at okhttp3.internal.http.RealInterceptorChain.proceed(RealInterceptorChain.java:142)
	at okhttp3.internal.http.RealInterceptorChain.proceed(RealInterceptorChain.java:117)
	at okhttp3.RealCall.getResponseWithInterceptorChain(RealCall.java:221)
	at okhttp3.RealCall.execute(RealCall.java:81)
	at com.house365.collector.base.proxy.MyProxyProvider.getProxy(MyProxyProvider.java:49)
	at com.house365.collector.anjuke.sell.downloader.AnjukeDownloader.download(AnjukeDownloader.java:84)
	at us.codecraft.webmagic.Spider.processRequest(Spider.java:404)
	at us.codecraft.webmagic.Spider.access$000(Spider.java:61)
	at us.codecraft.webmagic.Spider$1.run(Spider.java:320)
	at us.codecraft.webmagic.thread.CountableThreadPool$1.run(CountableThreadPool.java:74)
	at java.util.concurrent.ThreadPoolExecutor.runWorker(ThreadPoolExecutor.java:1149)
	at java.util.concurrent.ThreadPoolExecutor$Worker.run(ThreadPoolExecutor.java:624)
	at java.lang.Thread.run(Thread.java:748)
Caused by: java.net.ConnectException: Connection refused (Connection refused)
	at java.net.PlainSocketImpl.socketConnect(Native Method)
	at java.net.AbstractPlainSocketImpl.doConnect(AbstractPlainSocketImpl.java:350)
	at java.net.AbstractPlainSocketImpl.connectToAddress(AbstractPlainSocketImpl.java:206)
	at java.net.AbstractPlainSocketImpl.connect(AbstractPlainSocketImpl.java:188)
	at java.net.SocksSocketImpl.connect(SocksSocketImpl.java:392)
	at java.net.Socket.connect(Socket.java:589)
	at okhttp3.internal.platform.Platform.connectSocket(Platform.java:130)
	at okhttp3.internal.connection.RealConnection.connectSocket(RealConnection.java:263)
	... 27 common frames omitted
2019-10-22 14:25:34 ERROR com.house365.collector.base.proxy.MyProxyProvider pool-1-thread-4: - Failed to connect to /192.168.10.221:8080
java.net.ConnectException: Failed to connect to /192.168.10.221:8080
	at okhttp3.internal.connection.RealConnection.connectSocket(RealConnection.java:265)
	at okhttp3.internal.connection.RealConnection.connect(RealConnection.java:183)
	at okhttp3.internal.connection.ExchangeFinder.findConnection(ExchangeFinder.java:224)
	at okhttp3.internal.connection.ExchangeFinder.findHealthyConnection(ExchangeFinder.java:108)
	at okhttp3.internal.connection.ExchangeFinder.find(ExchangeFinder.java:88)
	at okhttp3.internal.connection.Transmitter.newExchange(Transmitter.java:169)
	at okhttp3.internal.connection.ConnectInterceptor.intercept(ConnectInterceptor.java:41)
	at okhttp3.internal.http.RealInterceptorChain.proceed(RealInterceptorChain.java:142)
	at okhttp3.internal.http.RealInterceptorChain.proceed(RealInterceptorChain.java:117)
	at okhttp3.internal.cache.CacheInterceptor.intercept(CacheInterceptor.java:94)
	at okhttp3.internal.http.RealInterceptorChain.proceed(RealInterceptorChain.java:142)
	at okhttp3.internal.http.RealInterceptorChain.proceed(RealInterceptorChain.java:117)
	at okhttp3.internal.http.BridgeInterceptor.intercept(BridgeInterceptor.java:93)
	at okhttp3.internal.http.RealInterceptorChain.proceed(RealInterceptorChain.java:142)
	at okhttp3.internal.http.RetryAndFollowUpInterceptor.intercept(RetryAndFollowUpInterceptor.java:88)
	at okhttp3.internal.http.RealInterceptorChain.proceed(RealInterceptorChain.java:142)
	at okhttp3.internal.http.RealInterceptorChain.proceed(RealInterceptorChain.java:117)
	at okhttp3.RealCall.getResponseWithInterceptorChain(RealCall.java:221)
	at okhttp3.RealCall.execute(RealCall.java:81)
	at com.house365.collector.base.proxy.MyProxyProvider.getProxy(MyProxyProvider.java:49)
	at com.house365.collector.anjuke.sell.downloader.AnjukeDownloader.download(AnjukeDownloader.java:84)
	at us.codecraft.webmagic.Spider.processRequest(Spider.java:404)
	at us.codecraft.webmagic.Spider.access$000(Spider.java:61)
	at us.codecraft.webmagic.Spider$1.run(Spider.java:320)
	at us.codecraft.webmagic.thread.CountableThreadPool$1.run(CountableThreadPool.java:74)
	at java.util.concurrent.ThreadPoolExecutor.runWorker(ThreadPoolExecutor.java:1149)
	at java.util.concurrent.ThreadPoolExecutor$Worker.run(ThreadPoolExecutor.java:624)
	at java.lang.Thread.run(Thread.java:748)
Caused by: java.net.ConnectException: Connection refused (Connection refused)
	at java.net.PlainSocketImpl.socketConnect(Native Method)
	at java.net.AbstractPlainSocketImpl.doConnect(AbstractPlainSocketImpl.java:350)
	at java.net.AbstractPlainSocketImpl.connectToAddress(AbstractPlainSocketImpl.java:206)
	at java.net.AbstractPlainSocketImpl.connect(AbstractPlainSocketImpl.java:188)
	at java.net.SocksSocketImpl.connect(SocksSocketImpl.java:392)
	at java.net.Socket.connect(Socket.java:589)
	at okhttp3.internal.platform.Platform.connectSocket(Platform.java:130)
	at okhttp3.internal.connection.RealConnection.connectSocket(RealConnection.java:263)
	... 27 common frames omitted
2019-10-22 14:25:34 ERROR com.house365.collector.base.proxy.MyProxyProvider pool-1-thread-5: - Failed to connect to /192.168.10.221:8080
java.net.ConnectException: Failed to connect to /192.168.10.221:8080
	at okhttp3.internal.connection.RealConnection.connectSocket(RealConnection.java:265)
	at okhttp3.internal.connection.RealConnection.connect(RealConnection.java:183)
	at okhttp3.internal.connection.ExchangeFinder.findConnection(ExchangeFinder.java:224)
	at okhttp3.internal.connection.ExchangeFinder.findHealthyConnection(ExchangeFinder.java:108)
	at okhttp3.internal.connection.ExchangeFinder.find(ExchangeFinder.java:88)
	at okhttp3.internal.connection.Transmitter.newExchange(Transmitter.java:169)
	at okhttp3.internal.connection.ConnectInterceptor.intercept(ConnectInterceptor.java:41)
	at okhttp3.internal.http.RealInterceptorChain.proceed(RealInterceptorChain.java:142)
	at okhttp3.internal.http.RealInterceptorChain.proceed(RealInterceptorChain.java:117)
	at okhttp3.internal.cache.CacheInterceptor.intercept(CacheInterceptor.java:94)
	at okhttp3.internal.http.RealInterceptorChain.proceed(RealInterceptorChain.java:142)
	at okhttp3.internal.http.RealInterceptorChain.proceed(RealInterceptorChain.java:117)
	at okhttp3.internal.http.BridgeInterceptor.intercept(BridgeInterceptor.java:93)
	at okhttp3.internal.http.RealInterceptorChain.proceed(RealInterceptorChain.java:142)
	at okhttp3.internal.http.RetryAndFollowUpInterceptor.intercept(RetryAndFollowUpInterceptor.java:88)
	at okhttp3.internal.http.RealInterceptorChain.proceed(RealInterceptorChain.java:142)
	at okhttp3.internal.http.RealInterceptorChain.proceed(RealInterceptorChain.java:117)
	at okhttp3.RealCall.getResponseWithInterceptorChain(RealCall.java:221)
	at okhttp3.RealCall.execute(RealCall.java:81)
	at com.house365.collector.base.proxy.MyProxyProvider.getProxy(MyProxyProvider.java:49)
	at com.house365.collector.anjuke.sell.downloader.AnjukeDownloader.download(AnjukeDownloader.java:84)
	at us.codecraft.webmagic.Spider.processRequest(Spider.java:404)
	at us.codecraft.webmagic.Spider.access$000(Spider.java:61)
	at us.codecraft.webmagic.Spider$1.run(Spider.java:320)
	at us.codecraft.webmagic.thread.CountableThreadPool$1.run(CountableThreadPool.java:74)
	at java.util.concurrent.ThreadPoolExecutor.runWorker(ThreadPoolExecutor.java:1149)
	at java.util.concurrent.ThreadPoolExecutor$Worker.run(ThreadPoolExecutor.java:624)
	at java.lang.Thread.run(Thread.java:748)
Caused by: java.net.ConnectException: Connection refused (Connection refused)
	at java.net.PlainSocketImpl.socketConnect(Native Method)
	at java.net.AbstractPlainSocketImpl.doConnect(AbstractPlainSocketImpl.java:350)
	at java.net.AbstractPlainSocketImpl.connectToAddress(AbstractPlainSocketImpl.java:206)
	at java.net.AbstractPlainSocketImpl.connect(AbstractPlainSocketImpl.java:188)
	at java.net.SocksSocketImpl.connect(SocksSocketImpl.java:392)
	at java.net.Socket.connect(Socket.java:589)
	at okhttp3.internal.platform.Platform.connectSocket(Platform.java:130)
	at okhttp3.internal.connection.RealConnection.connectSocket(RealConnection.java:263)
	... 27 common frames omitted
2019-10-22 14:25:34 ERROR com.house365.collector.base.proxy.MyProxyProvider pool-1-thread-1: - Failed to connect to /192.168.10.221:8080
java.net.ConnectException: Failed to connect to /192.168.10.221:8080
	at okhttp3.internal.connection.RealConnection.connectSocket(RealConnection.java:265)
	at okhttp3.internal.connection.RealConnection.connect(RealConnection.java:183)
	at okhttp3.internal.connection.ExchangeFinder.findConnection(ExchangeFinder.java:224)
	at okhttp3.internal.connection.ExchangeFinder.findHealthyConnection(ExchangeFinder.java:108)
	at okhttp3.internal.connection.ExchangeFinder.find(ExchangeFinder.java:88)
	at okhttp3.internal.connection.Transmitter.newExchange(Transmitter.java:169)
	at okhttp3.internal.connection.ConnectInterceptor.intercept(ConnectInterceptor.java:41)
	at okhttp3.internal.http.RealInterceptorChain.proceed(RealInterceptorChain.java:142)
	at okhttp3.internal.http.RealInterceptorChain.proceed(RealInterceptorChain.java:117)
	at okhttp3.internal.cache.CacheInterceptor.intercept(CacheInterceptor.java:94)
	at okhttp3.internal.http.RealInterceptorChain.proceed(RealInterceptorChain.java:142)
	at okhttp3.internal.http.RealInterceptorChain.proceed(RealInterceptorChain.java:117)
	at okhttp3.internal.http.BridgeInterceptor.intercept(BridgeInterceptor.java:93)
	at okhttp3.internal.http.RealInterceptorChain.proceed(RealInterceptorChain.java:142)
	at okhttp3.internal.http.RetryAndFollowUpInterceptor.intercept(RetryAndFollowUpInterceptor.java:88)
	at okhttp3.internal.http.RealInterceptorChain.proceed(RealInterceptorChain.java:142)
	at okhttp3.internal.http.RealInterceptorChain.proceed(RealInterceptorChain.java:117)
	at okhttp3.RealCall.getResponseWithInterceptorChain(RealCall.java:221)
	at okhttp3.RealCall.execute(RealCall.java:81)
	at com.house365.collector.base.proxy.MyProxyProvider.getProxy(MyProxyProvider.java:49)
	at com.house365.collector.anjuke.sell.downloader.AnjukeDownloader.download(AnjukeDownloader.java:84)
	at us.codecraft.webmagic.Spider.processRequest(Spider.java:404)
	at us.codecraft.webmagic.Spider.access$000(Spider.java:61)
	at us.codecraft.webmagic.Spider$1.run(Spider.java:320)
	at us.codecraft.webmagic.thread.CountableThreadPool$1.run(CountableThreadPool.java:74)
	at java.util.concurrent.ThreadPoolExecutor.runWorker(ThreadPoolExecutor.java:1149)
	at java.util.concurrent.ThreadPoolExecutor$Worker.run(ThreadPoolExecutor.java:624)
	at java.lang.Thread.run(Thread.java:748)
Caused by: java.net.ConnectException: Connection refused (Connection refused)
	at java.net.PlainSocketImpl.socketConnect(Native Method)
	at java.net.AbstractPlainSocketImpl.doConnect(AbstractPlainSocketImpl.java:350)
	at java.net.AbstractPlainSocketImpl.connectToAddress(AbstractPlainSocketImpl.java:206)
	at java.net.AbstractPlainSocketImpl.connect(AbstractPlainSocketImpl.java:188)
	at java.net.SocksSocketImpl.connect(SocksSocketImpl.java:392)
	at java.net.Socket.connect(Socket.java:589)
	at okhttp3.internal.platform.Platform.connectSocket(Platform.java:130)
	at okhttp3.internal.connection.RealConnection.connectSocket(RealConnection.java:263)
	... 27 common frames omitted
2019-10-22 14:25:34 ERROR com.house365.collector.base.proxy.MyProxyProvider pool-1-thread-6: - Failed to connect to /192.168.10.221:8080
java.net.ConnectException: Failed to connect to /192.168.10.221:8080
	at okhttp3.internal.connection.RealConnection.connectSocket(RealConnection.java:265)
	at okhttp3.internal.connection.RealConnection.connect(RealConnection.java:183)
	at okhttp3.internal.connection.ExchangeFinder.findConnection(ExchangeFinder.java:224)
	at okhttp3.internal.connection.ExchangeFinder.findHealthyConnection(ExchangeFinder.java:108)
	at okhttp3.internal.connection.ExchangeFinder.find(ExchangeFinder.java:88)
	at okhttp3.internal.connection.Transmitter.newExchange(Transmitter.java:169)
	at okhttp3.internal.connection.ConnectInterceptor.intercept(ConnectInterceptor.java:41)
	at okhttp3.internal.http.RealInterceptorChain.proceed(RealInterceptorChain.java:142)
	at okhttp3.internal.http.RealInterceptorChain.proceed(RealInterceptorChain.java:117)
	at okhttp3.internal.cache.CacheInterceptor.intercept(CacheInterceptor.java:94)
	at okhttp3.internal.http.RealInterceptorChain.proceed(RealInterceptorChain.java:142)
	at okhttp3.internal.http.RealInterceptorChain.proceed(RealInterceptorChain.java:117)
	at okhttp3.internal.http.BridgeInterceptor.intercept(BridgeInterceptor.java:93)
	at okhttp3.internal.http.RealInterceptorChain.proceed(RealInterceptorChain.java:142)
	at okhttp3.internal.http.RetryAndFollowUpInterceptor.intercept(RetryAndFollowUpInterceptor.java:88)
	at okhttp3.internal.http.RealInterceptorChain.proceed(RealInterceptorChain.java:142)
	at okhttp3.internal.http.RealInterceptorChain.proceed(RealInterceptorChain.java:117)
	at okhttp3.RealCall.getResponseWithInterceptorChain(RealCall.java:221)
	at okhttp3.RealCall.execute(RealCall.java:81)
	at com.house365.collector.base.proxy.MyProxyProvider.getProxy(MyProxyProvider.java:49)
	at com.house365.collector.anjuke.sell.downloader.AnjukeDownloader.download(AnjukeDownloader.java:84)
	at us.codecraft.webmagic.Spider.processRequest(Spider.java:404)
	at us.codecraft.webmagic.Spider.access$000(Spider.java:61)
	at us.codecraft.webmagic.Spider$1.run(Spider.java:320)
	at us.codecraft.webmagic.thread.CountableThreadPool$1.run(CountableThreadPool.java:74)
	at java.util.concurrent.ThreadPoolExecutor.runWorker(ThreadPoolExecutor.java:1149)
	at java.util.concurrent.ThreadPoolExecutor$Worker.run(ThreadPoolExecutor.java:624)
	at java.lang.Thread.run(Thread.java:748)
Caused by: java.net.ConnectException: Connection refused (Connection refused)
	at java.net.PlainSocketImpl.socketConnect(Native Method)
	at java.net.AbstractPlainSocketImpl.doConnect(AbstractPlainSocketImpl.java:350)
	at java.net.AbstractPlainSocketImpl.connectToAddress(AbstractPlainSocketImpl.java:206)
	at java.net.AbstractPlainSocketImpl.connect(AbstractPlainSocketImpl.java:188)
	at java.net.SocksSocketImpl.connect(SocksSocketImpl.java:392)
	at java.net.Socket.connect(Socket.java:589)
	at okhttp3.internal.platform.Platform.connectSocket(Platform.java:130)
	at okhttp3.internal.connection.RealConnection.connectSocket(RealConnection.java:263)
	... 27 common frames omitted
2019-10-22 14:25:34 ERROR com.house365.collector.base.proxy.MyProxyProvider pool-1-thread-3: - Failed to connect to /192.168.10.221:8080
java.net.ConnectException: Failed to connect to /192.168.10.221:8080
	at okhttp3.internal.connection.RealConnection.connectSocket(RealConnection.java:265)
	at okhttp3.internal.connection.RealConnection.connect(RealConnection.java:183)
	at okhttp3.internal.connection.ExchangeFinder.findConnection(ExchangeFinder.java:224)
	at okhttp3.internal.connection.ExchangeFinder.findHealthyConnection(ExchangeFinder.java:108)
	at okhttp3.internal.connection.ExchangeFinder.find(ExchangeFinder.java:88)
	at okhttp3.internal.connection.Transmitter.newExchange(Transmitter.java:169)
	at okhttp3.internal.connection.ConnectInterceptor.intercept(ConnectInterceptor.java:41)
	at okhttp3.internal.http.RealInterceptorChain.proceed(RealInterceptorChain.java:142)
	at okhttp3.internal.http.RealInterceptorChain.proceed(RealInterceptorChain.java:117)
	at okhttp3.internal.cache.CacheInterceptor.intercept(CacheInterceptor.java:94)
	at okhttp3.internal.http.RealInterceptorChain.proceed(RealInterceptorChain.java:142)
	at okhttp3.internal.http.RealInterceptorChain.proceed(RealInterceptorChain.java:117)
	at okhttp3.internal.http.BridgeInterceptor.intercept(BridgeInterceptor.java:93)
	at okhttp3.internal.http.RealInterceptorChain.proceed(RealInterceptorChain.java:142)
	at okhttp3.internal.http.RetryAndFollowUpInterceptor.intercept(RetryAndFollowUpInterceptor.java:88)
	at okhttp3.internal.http.RealInterceptorChain.proceed(RealInterceptorChain.java:142)
	at okhttp3.internal.http.RealInterceptorChain.proceed(RealInterceptorChain.java:117)
	at okhttp3.RealCall.getResponseWithInterceptorChain(RealCall.java:221)
	at okhttp3.RealCall.execute(RealCall.java:81)
	at com.house365.collector.base.proxy.MyProxyProvider.getProxy(MyProxyProvider.java:49)
	at com.house365.collector.anjuke.sell.downloader.AnjukeDownloader.download(AnjukeDownloader.java:84)
	at us.codecraft.webmagic.Spider.processRequest(Spider.java:404)
	at us.codecraft.webmagic.Spider.access$000(Spider.java:61)
	at us.codecraft.webmagic.Spider$1.run(Spider.java:320)
	at us.codecraft.webmagic.thread.CountableThreadPool$1.run(CountableThreadPool.java:74)
	at java.util.concurrent.ThreadPoolExecutor.runWorker(ThreadPoolExecutor.java:1149)
	at java.util.concurrent.ThreadPoolExecutor$Worker.run(ThreadPoolExecutor.java:624)
	at java.lang.Thread.run(Thread.java:748)
Caused by: java.net.ConnectException: Connection refused (Connection refused)
	at java.net.PlainSocketImpl.socketConnect(Native Method)
	at java.net.AbstractPlainSocketImpl.doConnect(AbstractPlainSocketImpl.java:350)
	at java.net.AbstractPlainSocketImpl.connectToAddress(AbstractPlainSocketImpl.java:206)
	at java.net.AbstractPlainSocketImpl.connect(AbstractPlainSocketImpl.java:188)
	at java.net.SocksSocketImpl.connect(SocksSocketImpl.java:392)
	at java.net.Socket.connect(Socket.java:589)
	at okhttp3.internal.platform.Platform.connectSocket(Platform.java:130)
	at okhttp3.internal.connection.RealConnection.connectSocket(RealConnection.java:263)
	... 27 common frames omitted
2019-10-22 14:25:34 ERROR com.house365.collector.base.proxy.MyProxyProvider pool-1-thread-8: - Failed to connect to /192.168.10.221:8080
java.net.ConnectException: Failed to connect to /192.168.10.221:8080
	at okhttp3.internal.connection.RealConnection.connectSocket(RealConnection.java:265)
	at okhttp3.internal.connection.RealConnection.connect(RealConnection.java:183)
	at okhttp3.internal.connection.ExchangeFinder.findConnection(ExchangeFinder.java:224)
	at okhttp3.internal.connection.ExchangeFinder.findHealthyConnection(ExchangeFinder.java:108)
	at okhttp3.internal.connection.ExchangeFinder.find(ExchangeFinder.java:88)
	at okhttp3.internal.connection.Transmitter.newExchange(Transmitter.java:169)
	at okhttp3.internal.connection.ConnectInterceptor.intercept(ConnectInterceptor.java:41)
	at okhttp3.internal.http.RealInterceptorChain.proceed(RealInterceptorChain.java:142)
	at okhttp3.internal.http.RealInterceptorChain.proceed(RealInterceptorChain.java:117)
	at okhttp3.internal.cache.CacheInterceptor.intercept(CacheInterceptor.java:94)
	at okhttp3.internal.http.RealInterceptorChain.proceed(RealInterceptorChain.java:142)
	at okhttp3.internal.http.RealInterceptorChain.proceed(RealInterceptorChain.java:117)
	at okhttp3.internal.http.BridgeInterceptor.intercept(BridgeInterceptor.java:93)
	at okhttp3.internal.http.RealInterceptorChain.proceed(RealInterceptorChain.java:142)
	at okhttp3.internal.http.RetryAndFollowUpInterceptor.intercept(RetryAndFollowUpInterceptor.java:88)
	at okhttp3.internal.http.RealInterceptorChain.proceed(RealInterceptorChain.java:142)
	at okhttp3.internal.http.RealInterceptorChain.proceed(RealInterceptorChain.java:117)
	at okhttp3.RealCall.getResponseWithInterceptorChain(RealCall.java:221)
	at okhttp3.RealCall.execute(RealCall.java:81)
	at com.house365.collector.base.proxy.MyProxyProvider.getProxy(MyProxyProvider.java:49)
	at com.house365.collector.anjuke.sell.downloader.AnjukeDownloader.download(AnjukeDownloader.java:84)
	at us.codecraft.webmagic.Spider.processRequest(Spider.java:404)
	at us.codecraft.webmagic.Spider.access$000(Spider.java:61)
	at us.codecraft.webmagic.Spider$1.run(Spider.java:320)
	at us.codecraft.webmagic.thread.CountableThreadPool$1.run(CountableThreadPool.java:74)
	at java.util.concurrent.ThreadPoolExecutor.runWorker(ThreadPoolExecutor.java:1149)
	at java.util.concurrent.ThreadPoolExecutor$Worker.run(ThreadPoolExecutor.java:624)
	at java.lang.Thread.run(Thread.java:748)
Caused by: java.net.ConnectException: Connection refused (Connection refused)
	at java.net.PlainSocketImpl.socketConnect(Native Method)
	at java.net.AbstractPlainSocketImpl.doConnect(AbstractPlainSocketImpl.java:350)
	at java.net.AbstractPlainSocketImpl.connectToAddress(AbstractPlainSocketImpl.java:206)
	at java.net.AbstractPlainSocketImpl.connect(AbstractPlainSocketImpl.java:188)
	at java.net.SocksSocketImpl.connect(SocksSocketImpl.java:392)
	at java.net.Socket.connect(Socket.java:589)
	at okhttp3.internal.platform.Platform.connectSocket(Platform.java:130)
	at okhttp3.internal.connection.RealConnection.connectSocket(RealConnection.java:263)
	... 27 common frames omitted
2019-10-22 14:25:34 ERROR com.house365.collector.base.proxy.MyProxyProvider pool-1-thread-2: - Failed to connect to /192.168.10.221:8080
java.net.ConnectException: Failed to connect to /192.168.10.221:8080
	at okhttp3.internal.connection.RealConnection.connectSocket(RealConnection.java:265)
	at okhttp3.internal.connection.RealConnection.connect(RealConnection.java:183)
	at okhttp3.internal.connection.ExchangeFinder.findConnection(ExchangeFinder.java:224)
	at okhttp3.internal.connection.ExchangeFinder.findHealthyConnection(ExchangeFinder.java:108)
	at okhttp3.internal.connection.ExchangeFinder.find(ExchangeFinder.java:88)
	at okhttp3.internal.connection.Transmitter.newExchange(Transmitter.java:169)
	at okhttp3.internal.connection.ConnectInterceptor.intercept(ConnectInterceptor.java:41)
	at okhttp3.internal.http.RealInterceptorChain.proceed(RealInterceptorChain.java:142)
	at okhttp3.internal.http.RealInterceptorChain.proceed(RealInterceptorChain.java:117)
	at okhttp3.internal.cache.CacheInterceptor.intercept(CacheInterceptor.java:94)
	at okhttp3.internal.http.RealInterceptorChain.proceed(RealInterceptorChain.java:142)
	at okhttp3.internal.http.RealInterceptorChain.proceed(RealInterceptorChain.java:117)
	at okhttp3.internal.http.BridgeInterceptor.intercept(BridgeInterceptor.java:93)
	at okhttp3.internal.http.RealInterceptorChain.proceed(RealInterceptorChain.java:142)
	at okhttp3.internal.http.RetryAndFollowUpInterceptor.intercept(RetryAndFollowUpInterceptor.java:88)
	at okhttp3.internal.http.RealInterceptorChain.proceed(RealInterceptorChain.java:142)
	at okhttp3.internal.http.RealInterceptorChain.proceed(RealInterceptorChain.java:117)
	at okhttp3.RealCall.getResponseWithInterceptorChain(RealCall.java:221)
	at okhttp3.RealCall.execute(RealCall.java:81)
	at com.house365.collector.base.proxy.MyProxyProvider.getProxy(MyProxyProvider.java:49)
	at com.house365.collector.anjuke.sell.downloader.AnjukeDownloader.download(AnjukeDownloader.java:84)
	at us.codecraft.webmagic.Spider.processRequest(Spider.java:404)
	at us.codecraft.webmagic.Spider.access$000(Spider.java:61)
	at us.codecraft.webmagic.Spider$1.run(Spider.java:320)
	at us.codecraft.webmagic.thread.CountableThreadPool$1.run(CountableThreadPool.java:74)
	at java.util.concurrent.ThreadPoolExecutor.runWorker(ThreadPoolExecutor.java:1149)
	at java.util.concurrent.ThreadPoolExecutor$Worker.run(ThreadPoolExecutor.java:624)
	at java.lang.Thread.run(Thread.java:748)
Caused by: java.net.ConnectException: Connection refused (Connection refused)
	at java.net.PlainSocketImpl.socketConnect(Native Method)
	at java.net.AbstractPlainSocketImpl.doConnect(AbstractPlainSocketImpl.java:350)
	at java.net.AbstractPlainSocketImpl.connectToAddress(AbstractPlainSocketImpl.java:206)
	at java.net.AbstractPlainSocketImpl.connect(AbstractPlainSocketImpl.java:188)
	at java.net.SocksSocketImpl.connect(SocksSocketImpl.java:392)
	at java.net.Socket.connect(Socket.java:589)
	at okhttp3.internal.platform.Platform.connectSocket(Platform.java:130)
	at okhttp3.internal.connection.RealConnection.connectSocket(RealConnection.java:263)
	... 27 common frames omitted
2019-10-22 14:25:34 ERROR com.house365.collector.base.proxy.MyProxyProvider pool-1-thread-9: - Failed to connect to /192.168.10.221:8080
java.net.ConnectException: Failed to connect to /192.168.10.221:8080
	at okhttp3.internal.connection.RealConnection.connectSocket(RealConnection.java:265)
	at okhttp3.internal.connection.RealConnection.connect(RealConnection.java:183)
	at okhttp3.internal.connection.ExchangeFinder.findConnection(ExchangeFinder.java:224)
	at okhttp3.internal.connection.ExchangeFinder.findHealthyConnection(ExchangeFinder.java:108)
	at okhttp3.internal.connection.ExchangeFinder.find(ExchangeFinder.java:88)
	at okhttp3.internal.connection.Transmitter.newExchange(Transmitter.java:169)
	at okhttp3.internal.connection.ConnectInterceptor.intercept(ConnectInterceptor.java:41)
	at okhttp3.internal.http.RealInterceptorChain.proceed(RealInterceptorChain.java:142)
	at okhttp3.internal.http.RealInterceptorChain.proceed(RealInterceptorChain.java:117)
	at okhttp3.internal.cache.CacheInterceptor.intercept(CacheInterceptor.java:94)
	at okhttp3.internal.http.RealInterceptorChain.proceed(RealInterceptorChain.java:142)
	at okhttp3.internal.http.RealInterceptorChain.proceed(RealInterceptorChain.java:117)
	at okhttp3.internal.http.BridgeInterceptor.intercept(BridgeInterceptor.java:93)
	at okhttp3.internal.http.RealInterceptorChain.proceed(RealInterceptorChain.java:142)
	at okhttp3.internal.http.RetryAndFollowUpInterceptor.intercept(RetryAndFollowUpInterceptor.java:88)
	at okhttp3.internal.http.RealInterceptorChain.proceed(RealInterceptorChain.java:142)
	at okhttp3.internal.http.RealInterceptorChain.proceed(RealInterceptorChain.java:117)
	at okhttp3.RealCall.getResponseWithInterceptorChain(RealCall.java:221)
	at okhttp3.RealCall.execute(RealCall.java:81)
	at com.house365.collector.base.proxy.MyProxyProvider.getProxy(MyProxyProvider.java:49)
	at com.house365.collector.anjuke.sell.downloader.AnjukeDownloader.download(AnjukeDownloader.java:84)
	at us.codecraft.webmagic.Spider.processRequest(Spider.java:404)
	at us.codecraft.webmagic.Spider.access$000(Spider.java:61)
	at us.codecraft.webmagic.Spider$1.run(Spider.java:320)
	at us.codecraft.webmagic.thread.CountableThreadPool$1.run(CountableThreadPool.java:74)
	at java.util.concurrent.ThreadPoolExecutor.runWorker(ThreadPoolExecutor.java:1149)
	at java.util.concurrent.ThreadPoolExecutor$Worker.run(ThreadPoolExecutor.java:624)
	at java.lang.Thread.run(Thread.java:748)
Caused by: java.net.ConnectException: Connection refused (Connection refused)
	at java.net.PlainSocketImpl.socketConnect(Native Method)
	at java.net.AbstractPlainSocketImpl.doConnect(AbstractPlainSocketImpl.java:350)
	at java.net.AbstractPlainSocketImpl.connectToAddress(AbstractPlainSocketImpl.java:206)
	at java.net.AbstractPlainSocketImpl.connect(AbstractPlainSocketImpl.java:188)
	at java.net.SocksSocketImpl.connect(SocksSocketImpl.java:392)
	at java.net.Socket.connect(Socket.java:589)
	at okhttp3.internal.platform.Platform.connectSocket(Platform.java:130)
	at okhttp3.internal.connection.RealConnection.connectSocket(RealConnection.java:263)
	... 27 common frames omitted
