2020-01-09 09:33:29 ERROR com.house365.collector.base.pipeline.ActiveMQPipeline main: - Could not connect to broker URL: tcp://localhost:61616. Reason: java.net.ConnectException: Connection refused (Connection refused)
javax.jms.JMSException: Could not connect to broker URL: tcp://localhost:61616. Reason: java.net.ConnectException: Connection refused (Connection refused)
	at org.apache.activemq.util.JMSExceptionSupport.create(JMSExceptionSupport.java:36)
	at org.apache.activemq.ActiveMQConnectionFactory.createActiveMQConnection(ActiveMQConnectionFactory.java:374)
	at org.apache.activemq.ActiveMQConnectionFactory.createActiveMQConnection(ActiveMQConnectionFactory.java:304)
	at org.apache.activemq.ActiveMQConnectionFactory.createConnection(ActiveMQConnectionFactory.java:244)
	at com.house365.collector.base.pipeline.ActiveMQPipeline.init(ActiveMQPipeline.java:27)
	at com.house365.collector.base.pipeline.ActiveMQPipeline.<init>(ActiveMQPipeline.java:42)
	at com.house365.collector.beike.sell.BeikeSellLauncher.increaseCollect(BeikeSellLauncher.java:39)
	at com.house365.collector.beike.sell.BeikeSellLauncher.main(BeikeSellLauncher.java:24)
Caused by: java.net.ConnectException: Connection refused (Connection refused)
	at java.net.PlainSocketImpl.socketConnect(Native Method)
	at java.net.AbstractPlainSocketImpl.doConnect(AbstractPlainSocketImpl.java:350)
	at java.net.AbstractPlainSocketImpl.connectToAddress(AbstractPlainSocketImpl.java:206)
	at java.net.AbstractPlainSocketImpl.connect(AbstractPlainSocketImpl.java:188)
	at java.net.SocksSocketImpl.connect(SocksSocketImpl.java:392)
	at java.net.Socket.connect(Socket.java:589)
	at org.apache.activemq.transport.tcp.TcpTransport.connect(TcpTransport.java:525)
	at org.apache.activemq.transport.tcp.TcpTransport.doStart(TcpTransport.java:488)
	at org.apache.activemq.util.ServiceSupport.start(ServiceSupport.java:55)
	at org.apache.activemq.transport.AbstractInactivityMonitor.start(AbstractInactivityMonitor.java:169)
	at org.apache.activemq.transport.InactivityMonitor.start(InactivityMonitor.java:52)
	at org.apache.activemq.transport.TransportFilter.start(TransportFilter.java:64)
	at org.apache.activemq.transport.WireFormatNegotiator.start(WireFormatNegotiator.java:72)
	at org.apache.activemq.transport.TransportFilter.start(TransportFilter.java:64)
	at org.apache.activemq.transport.TransportFilter.start(TransportFilter.java:64)
	at org.apache.activemq.ActiveMQConnectionFactory.createActiveMQConnection(ActiveMQConnectionFactory.java:354)
	... 6 common frames omitted
2020-01-09 09:33:30  INFO us.codecraft.webmagic.Spider main: - Spider nj.ke.com started!
2020-01-09 09:33:31  INFO us.codecraft.webmagic.downloader.HttpClientDownloader pool-1-thread-1: - downloading page success https://nj.ke.com/ershoufang/pg1co32/
2020-01-09 09:33:33  INFO us.codecraft.webmagic.downloader.HttpClientDownloader pool-1-thread-3: - downloading page success https://nj.ke.com/ershoufang/20010817810100140652.html
2020-01-09 09:33:33 ERROR us.codecraft.webmagic.Spider pool-1-thread-3: - process request Request{url='https://nj.ke.com/ershoufang/20010817810100140652.html', method='null', extras=null, priority=0, headers={}, cookies={}} error
java.lang.NullPointerException: null
	at sun.misc.FloatingDecimal.readJavaFormatString(FloatingDecimal.java:1838)
	at sun.misc.FloatingDecimal.parseFloat(FloatingDecimal.java:122)
	at java.lang.Float.parseFloat(Float.java:451)
	at java.lang.Float.valueOf(Float.java:416)
	at com.house365.collector.base.util.BaseHouseInfoExtractUtil.getFloatValue(BaseHouseInfoExtractUtil.java:23)
	at com.house365.collector.beike.sell.processor.BeikeSellProcessor.processDetailPage(BeikeSellProcessor.java:86)
	at com.house365.collector.base.processor.AbstractLianjiaBeikeSellProcessor.processPage(AbstractLianjiaBeikeSellProcessor.java:175)
	at com.house365.collector.beike.sell.processor.BeikeSellProcessor.process(BeikeSellProcessor.java:45)
	at us.codecraft.webmagic.Spider.onDownloadSuccess(Spider.java:414)
	at us.codecraft.webmagic.Spider.processRequest(Spider.java:406)
	at us.codecraft.webmagic.Spider.access$000(Spider.java:61)
	at us.codecraft.webmagic.Spider$1.run(Spider.java:320)
	at us.codecraft.webmagic.thread.CountableThreadPool$1.run(CountableThreadPool.java:74)
	at java.util.concurrent.ThreadPoolExecutor.runWorker(ThreadPoolExecutor.java:1149)
	at java.util.concurrent.ThreadPoolExecutor$Worker.run(ThreadPoolExecutor.java:624)
	at java.lang.Thread.run(Thread.java:748)
2020-01-09 09:33:33  INFO us.codecraft.webmagic.downloader.HttpClientDownloader pool-1-thread-15: - downloading page success https://nj.ke.com/ershoufang/20010817810100131373.html
2020-01-09 09:33:33  INFO us.codecraft.webmagic.downloader.HttpClientDownloader pool-1-thread-5: - downloading page success https://nj.ke.com/ershoufang/20010817810100137130.html
2020-01-09 09:33:33 ERROR us.codecraft.webmagic.Spider pool-1-thread-15: - process request Request{url='https://nj.ke.com/ershoufang/20010817810100131373.html', method='null', extras=null, priority=0, headers={}, cookies={}} error
java.lang.NullPointerException: null
	at sun.misc.FloatingDecimal.readJavaFormatString(FloatingDecimal.java:1838)
	at sun.misc.FloatingDecimal.parseFloat(FloatingDecimal.java:122)
	at java.lang.Float.parseFloat(Float.java:451)
	at java.lang.Float.valueOf(Float.java:416)
	at com.house365.collector.base.util.BaseHouseInfoExtractUtil.getFloatValue(BaseHouseInfoExtractUtil.java:23)
	at com.house365.collector.beike.sell.processor.BeikeSellProcessor.processDetailPage(BeikeSellProcessor.java:86)
	at com.house365.collector.base.processor.AbstractLianjiaBeikeSellProcessor.processPage(AbstractLianjiaBeikeSellProcessor.java:175)
	at com.house365.collector.beike.sell.processor.BeikeSellProcessor.process(BeikeSellProcessor.java:45)
	at us.codecraft.webmagic.Spider.onDownloadSuccess(Spider.java:414)
	at us.codecraft.webmagic.Spider.processRequest(Spider.java:406)
	at us.codecraft.webmagic.Spider.access$000(Spider.java:61)
	at us.codecraft.webmagic.Spider$1.run(Spider.java:320)
	at us.codecraft.webmagic.thread.CountableThreadPool$1.run(CountableThreadPool.java:74)
	at java.util.concurrent.ThreadPoolExecutor.runWorker(ThreadPoolExecutor.java:1149)
	at java.util.concurrent.ThreadPoolExecutor$Worker.run(ThreadPoolExecutor.java:624)
	at java.lang.Thread.run(Thread.java:748)
2020-01-09 09:33:33 ERROR us.codecraft.webmagic.Spider pool-1-thread-5: - process request Request{url='https://nj.ke.com/ershoufang/20010817810100137130.html', method='null', extras=null, priority=0, headers={}, cookies={}} error
java.lang.NullPointerException: null
	at sun.misc.FloatingDecimal.readJavaFormatString(FloatingDecimal.java:1838)
	at sun.misc.FloatingDecimal.parseFloat(FloatingDecimal.java:122)
	at java.lang.Float.parseFloat(Float.java:451)
	at java.lang.Float.valueOf(Float.java:416)
	at com.house365.collector.base.util.BaseHouseInfoExtractUtil.getFloatValue(BaseHouseInfoExtractUtil.java:23)
	at com.house365.collector.beike.sell.processor.BeikeSellProcessor.processDetailPage(BeikeSellProcessor.java:86)
	at com.house365.collector.base.processor.AbstractLianjiaBeikeSellProcessor.processPage(AbstractLianjiaBeikeSellProcessor.java:175)
	at com.house365.collector.beike.sell.processor.BeikeSellProcessor.process(BeikeSellProcessor.java:45)
	at us.codecraft.webmagic.Spider.onDownloadSuccess(Spider.java:414)
	at us.codecraft.webmagic.Spider.processRequest(Spider.java:406)
	at us.codecraft.webmagic.Spider.access$000(Spider.java:61)
	at us.codecraft.webmagic.Spider$1.run(Spider.java:320)
	at us.codecraft.webmagic.thread.CountableThreadPool$1.run(CountableThreadPool.java:74)
	at java.util.concurrent.ThreadPoolExecutor.runWorker(ThreadPoolExecutor.java:1149)
	at java.util.concurrent.ThreadPoolExecutor$Worker.run(ThreadPoolExecutor.java:624)
	at java.lang.Thread.run(Thread.java:748)
2020-01-09 09:33:33  INFO us.codecraft.webmagic.downloader.HttpClientDownloader pool-1-thread-9: - downloading page success https://nj.ke.com/ershoufang/20010817810100135278.html
2020-01-09 09:33:33 ERROR us.codecraft.webmagic.Spider pool-1-thread-9: - process request Request{url='https://nj.ke.com/ershoufang/20010817810100135278.html', method='null', extras=null, priority=0, headers={}, cookies={}} error
java.lang.NullPointerException: null
	at sun.misc.FloatingDecimal.readJavaFormatString(FloatingDecimal.java:1838)
	at sun.misc.FloatingDecimal.parseFloat(FloatingDecimal.java:122)
	at java.lang.Float.parseFloat(Float.java:451)
	at java.lang.Float.valueOf(Float.java:416)
	at com.house365.collector.base.util.BaseHouseInfoExtractUtil.getFloatValue(BaseHouseInfoExtractUtil.java:23)
	at com.house365.collector.beike.sell.processor.BeikeSellProcessor.processDetailPage(BeikeSellProcessor.java:86)
	at com.house365.collector.base.processor.AbstractLianjiaBeikeSellProcessor.processPage(AbstractLianjiaBeikeSellProcessor.java:175)
	at com.house365.collector.beike.sell.processor.BeikeSellProcessor.process(BeikeSellProcessor.java:45)
	at us.codecraft.webmagic.Spider.onDownloadSuccess(Spider.java:414)
	at us.codecraft.webmagic.Spider.processRequest(Spider.java:406)
	at us.codecraft.webmagic.Spider.access$000(Spider.java:61)
	at us.codecraft.webmagic.Spider$1.run(Spider.java:320)
	at us.codecraft.webmagic.thread.CountableThreadPool$1.run(CountableThreadPool.java:74)
	at java.util.concurrent.ThreadPoolExecutor.runWorker(ThreadPoolExecutor.java:1149)
	at java.util.concurrent.ThreadPoolExecutor$Worker.run(ThreadPoolExecutor.java:624)
	at java.lang.Thread.run(Thread.java:748)
2020-01-09 09:33:33  INFO us.codecraft.webmagic.downloader.HttpClientDownloader pool-1-thread-14: - downloading page success https://nj.ke.com/ershoufang/20010817810100128147.html
2020-01-09 09:33:33 ERROR us.codecraft.webmagic.Spider pool-1-thread-14: - process request Request{url='https://nj.ke.com/ershoufang/20010817810100128147.html', method='null', extras=null, priority=0, headers={}, cookies={}} error
java.lang.NullPointerException: null
	at sun.misc.FloatingDecimal.readJavaFormatString(FloatingDecimal.java:1838)
	at sun.misc.FloatingDecimal.parseFloat(FloatingDecimal.java:122)
	at java.lang.Float.parseFloat(Float.java:451)
	at java.lang.Float.valueOf(Float.java:416)
	at com.house365.collector.base.util.BaseHouseInfoExtractUtil.getFloatValue(BaseHouseInfoExtractUtil.java:23)
	at com.house365.collector.beike.sell.processor.BeikeSellProcessor.processDetailPage(BeikeSellProcessor.java:86)
	at com.house365.collector.base.processor.AbstractLianjiaBeikeSellProcessor.processPage(AbstractLianjiaBeikeSellProcessor.java:175)
	at com.house365.collector.beike.sell.processor.BeikeSellProcessor.process(BeikeSellProcessor.java:45)
	at us.codecraft.webmagic.Spider.onDownloadSuccess(Spider.java:414)
	at us.codecraft.webmagic.Spider.processRequest(Spider.java:406)
	at us.codecraft.webmagic.Spider.access$000(Spider.java:61)
	at us.codecraft.webmagic.Spider$1.run(Spider.java:320)
	at us.codecraft.webmagic.thread.CountableThreadPool$1.run(CountableThreadPool.java:74)
	at java.util.concurrent.ThreadPoolExecutor.runWorker(ThreadPoolExecutor.java:1149)
	at java.util.concurrent.ThreadPoolExecutor$Worker.run(ThreadPoolExecutor.java:624)
	at java.lang.Thread.run(Thread.java:748)
2020-01-09 09:33:33  INFO us.codecraft.webmagic.downloader.HttpClientDownloader pool-1-thread-12: - downloading page success https://nj.ke.com/ershoufang/20010817810100129653.html
2020-01-09 09:33:33 ERROR us.codecraft.webmagic.Spider pool-1-thread-12: - process request Request{url='https://nj.ke.com/ershoufang/20010817810100129653.html', method='null', extras=null, priority=0, headers={}, cookies={}} error
java.lang.NullPointerException: null
	at sun.misc.FloatingDecimal.readJavaFormatString(FloatingDecimal.java:1838)
	at sun.misc.FloatingDecimal.parseFloat(FloatingDecimal.java:122)
	at java.lang.Float.parseFloat(Float.java:451)
	at java.lang.Float.valueOf(Float.java:416)
	at com.house365.collector.base.util.BaseHouseInfoExtractUtil.getFloatValue(BaseHouseInfoExtractUtil.java:23)
	at com.house365.collector.beike.sell.processor.BeikeSellProcessor.processDetailPage(BeikeSellProcessor.java:86)
	at com.house365.collector.base.processor.AbstractLianjiaBeikeSellProcessor.processPage(AbstractLianjiaBeikeSellProcessor.java:175)
	at com.house365.collector.beike.sell.processor.BeikeSellProcessor.process(BeikeSellProcessor.java:45)
	at us.codecraft.webmagic.Spider.onDownloadSuccess(Spider.java:414)
	at us.codecraft.webmagic.Spider.processRequest(Spider.java:406)
	at us.codecraft.webmagic.Spider.access$000(Spider.java:61)
	at us.codecraft.webmagic.Spider$1.run(Spider.java:320)
	at us.codecraft.webmagic.thread.CountableThreadPool$1.run(CountableThreadPool.java:74)
	at java.util.concurrent.ThreadPoolExecutor.runWorker(ThreadPoolExecutor.java:1149)
	at java.util.concurrent.ThreadPoolExecutor$Worker.run(ThreadPoolExecutor.java:624)
	at java.lang.Thread.run(Thread.java:748)
2020-01-09 09:33:33  INFO us.codecraft.webmagic.downloader.HttpClientDownloader pool-1-thread-7: - downloading page success https://nj.ke.com/ershoufang/20010817810100135878.html
2020-01-09 09:33:33  INFO us.codecraft.webmagic.downloader.HttpClientDownloader pool-1-thread-6: - downloading page success https://nj.ke.com/ershoufang/20010817810100137086.html
2020-01-09 09:33:33  INFO us.codecraft.webmagic.downloader.HttpClientDownloader pool-1-thread-16: - downloading page success https://nj.ke.com/ershoufang/20010817810100131123.html
2020-01-09 09:33:33  INFO us.codecraft.webmagic.downloader.HttpClientDownloader pool-1-thread-4: - downloading page success https://nj.ke.com/ershoufang/20010817810100138729.html
2020-01-09 09:33:33  INFO us.codecraft.webmagic.downloader.HttpClientDownloader pool-1-thread-18: - downloading page success https://nj.ke.com/ershoufang/20010817810100126494.html
2020-01-09 09:33:33  INFO us.codecraft.webmagic.downloader.HttpClientDownloader pool-1-thread-19: - downloading page success https://nj.ke.com/ershoufang/20010817810100125955.html
2020-01-09 09:33:33 ERROR us.codecraft.webmagic.Spider pool-1-thread-4: - process request Request{url='https://nj.ke.com/ershoufang/20010817810100138729.html', method='null', extras=null, priority=0, headers={}, cookies={}} error
java.lang.NullPointerException: null
	at sun.misc.FloatingDecimal.readJavaFormatString(FloatingDecimal.java:1838)
	at sun.misc.FloatingDecimal.parseFloat(FloatingDecimal.java:122)
	at java.lang.Float.parseFloat(Float.java:451)
	at java.lang.Float.valueOf(Float.java:416)
	at com.house365.collector.base.util.BaseHouseInfoExtractUtil.getFloatValue(BaseHouseInfoExtractUtil.java:23)
	at com.house365.collector.beike.sell.processor.BeikeSellProcessor.processDetailPage(BeikeSellProcessor.java:86)
	at com.house365.collector.base.processor.AbstractLianjiaBeikeSellProcessor.processPage(AbstractLianjiaBeikeSellProcessor.java:175)
	at com.house365.collector.beike.sell.processor.BeikeSellProcessor.process(BeikeSellProcessor.java:45)
	at us.codecraft.webmagic.Spider.onDownloadSuccess(Spider.java:414)
	at us.codecraft.webmagic.Spider.processRequest(Spider.java:406)
	at us.codecraft.webmagic.Spider.access$000(Spider.java:61)
	at us.codecraft.webmagic.Spider$1.run(Spider.java:320)
	at us.codecraft.webmagic.thread.CountableThreadPool$1.run(CountableThreadPool.java:74)
	at java.util.concurrent.ThreadPoolExecutor.runWorker(ThreadPoolExecutor.java:1149)
	at java.util.concurrent.ThreadPoolExecutor$Worker.run(ThreadPoolExecutor.java:624)
	at java.lang.Thread.run(Thread.java:748)
2020-01-09 09:33:33 ERROR us.codecraft.webmagic.Spider pool-1-thread-18: - process request Request{url='https://nj.ke.com/ershoufang/20010817810100126494.html', method='null', extras=null, priority=0, headers={}, cookies={}} error
java.lang.NullPointerException: null
	at sun.misc.FloatingDecimal.readJavaFormatString(FloatingDecimal.java:1838)
	at sun.misc.FloatingDecimal.parseFloat(FloatingDecimal.java:122)
	at java.lang.Float.parseFloat(Float.java:451)
	at java.lang.Float.valueOf(Float.java:416)
	at com.house365.collector.base.util.BaseHouseInfoExtractUtil.getFloatValue(BaseHouseInfoExtractUtil.java:23)
	at com.house365.collector.beike.sell.processor.BeikeSellProcessor.processDetailPage(BeikeSellProcessor.java:86)
	at com.house365.collector.base.processor.AbstractLianjiaBeikeSellProcessor.processPage(AbstractLianjiaBeikeSellProcessor.java:175)
	at com.house365.collector.beike.sell.processor.BeikeSellProcessor.process(BeikeSellProcessor.java:45)
	at us.codecraft.webmagic.Spider.onDownloadSuccess(Spider.java:414)
	at us.codecraft.webmagic.Spider.processRequest(Spider.java:406)
	at us.codecraft.webmagic.Spider.access$000(Spider.java:61)
	at us.codecraft.webmagic.Spider$1.run(Spider.java:320)
	at us.codecraft.webmagic.thread.CountableThreadPool$1.run(CountableThreadPool.java:74)
	at java.util.concurrent.ThreadPoolExecutor.runWorker(ThreadPoolExecutor.java:1149)
	at java.util.concurrent.ThreadPoolExecutor$Worker.run(ThreadPoolExecutor.java:624)
	at java.lang.Thread.run(Thread.java:748)
2020-01-09 09:33:33 ERROR us.codecraft.webmagic.Spider pool-1-thread-6: - process request Request{url='https://nj.ke.com/ershoufang/20010817810100137086.html', method='null', extras=null, priority=0, headers={}, cookies={}} error
java.lang.NullPointerException: null
	at sun.misc.FloatingDecimal.readJavaFormatString(FloatingDecimal.java:1838)
	at sun.misc.FloatingDecimal.parseFloat(FloatingDecimal.java:122)
	at java.lang.Float.parseFloat(Float.java:451)
	at java.lang.Float.valueOf(Float.java:416)
	at com.house365.collector.base.util.BaseHouseInfoExtractUtil.getFloatValue(BaseHouseInfoExtractUtil.java:23)
	at com.house365.collector.beike.sell.processor.BeikeSellProcessor.processDetailPage(BeikeSellProcessor.java:86)
	at com.house365.collector.base.processor.AbstractLianjiaBeikeSellProcessor.processPage(AbstractLianjiaBeikeSellProcessor.java:175)
	at com.house365.collector.beike.sell.processor.BeikeSellProcessor.process(BeikeSellProcessor.java:45)
	at us.codecraft.webmagic.Spider.onDownloadSuccess(Spider.java:414)
	at us.codecraft.webmagic.Spider.processRequest(Spider.java:406)
	at us.codecraft.webmagic.Spider.access$000(Spider.java:61)
	at us.codecraft.webmagic.Spider$1.run(Spider.java:320)
	at us.codecraft.webmagic.thread.CountableThreadPool$1.run(CountableThreadPool.java:74)
	at java.util.concurrent.ThreadPoolExecutor.runWorker(ThreadPoolExecutor.java:1149)
	at java.util.concurrent.ThreadPoolExecutor$Worker.run(ThreadPoolExecutor.java:624)
	at java.lang.Thread.run(Thread.java:748)
2020-01-09 09:33:33 ERROR us.codecraft.webmagic.Spider pool-1-thread-16: - process request Request{url='https://nj.ke.com/ershoufang/20010817810100131123.html', method='null', extras=null, priority=0, headers={}, cookies={}} error
java.lang.NullPointerException: null
	at sun.misc.FloatingDecimal.readJavaFormatString(FloatingDecimal.java:1838)
	at sun.misc.FloatingDecimal.parseFloat(FloatingDecimal.java:122)
	at java.lang.Float.parseFloat(Float.java:451)
	at java.lang.Float.valueOf(Float.java:416)
	at com.house365.collector.base.util.BaseHouseInfoExtractUtil.getFloatValue(BaseHouseInfoExtractUtil.java:23)
	at com.house365.collector.beike.sell.processor.BeikeSellProcessor.processDetailPage(BeikeSellProcessor.java:86)
	at com.house365.collector.base.processor.AbstractLianjiaBeikeSellProcessor.processPage(AbstractLianjiaBeikeSellProcessor.java:175)
	at com.house365.collector.beike.sell.processor.BeikeSellProcessor.process(BeikeSellProcessor.java:45)
	at us.codecraft.webmagic.Spider.onDownloadSuccess(Spider.java:414)
	at us.codecraft.webmagic.Spider.processRequest(Spider.java:406)
	at us.codecraft.webmagic.Spider.access$000(Spider.java:61)
	at us.codecraft.webmagic.Spider$1.run(Spider.java:320)
	at us.codecraft.webmagic.thread.CountableThreadPool$1.run(CountableThreadPool.java:74)
	at java.util.concurrent.ThreadPoolExecutor.runWorker(ThreadPoolExecutor.java:1149)
	at java.util.concurrent.ThreadPoolExecutor$Worker.run(ThreadPoolExecutor.java:624)
	at java.lang.Thread.run(Thread.java:748)
2020-01-09 09:33:33 ERROR us.codecraft.webmagic.Spider pool-1-thread-7: - process request Request{url='https://nj.ke.com/ershoufang/20010817810100135878.html', method='null', extras=null, priority=0, headers={}, cookies={}} error
java.lang.NullPointerException: null
	at sun.misc.FloatingDecimal.readJavaFormatString(FloatingDecimal.java:1838)
	at sun.misc.FloatingDecimal.parseFloat(FloatingDecimal.java:122)
	at java.lang.Float.parseFloat(Float.java:451)
	at java.lang.Float.valueOf(Float.java:416)
	at com.house365.collector.base.util.BaseHouseInfoExtractUtil.getFloatValue(BaseHouseInfoExtractUtil.java:23)
	at com.house365.collector.beike.sell.processor.BeikeSellProcessor.processDetailPage(BeikeSellProcessor.java:86)
	at com.house365.collector.base.processor.AbstractLianjiaBeikeSellProcessor.processPage(AbstractLianjiaBeikeSellProcessor.java:175)
	at com.house365.collector.beike.sell.processor.BeikeSellProcessor.process(BeikeSellProcessor.java:45)
	at us.codecraft.webmagic.Spider.onDownloadSuccess(Spider.java:414)
	at us.codecraft.webmagic.Spider.processRequest(Spider.java:406)
	at us.codecraft.webmagic.Spider.access$000(Spider.java:61)
	at us.codecraft.webmagic.Spider$1.run(Spider.java:320)
	at us.codecraft.webmagic.thread.CountableThreadPool$1.run(CountableThreadPool.java:74)
	at java.util.concurrent.ThreadPoolExecutor.runWorker(ThreadPoolExecutor.java:1149)
	at java.util.concurrent.ThreadPoolExecutor$Worker.run(ThreadPoolExecutor.java:624)
	at java.lang.Thread.run(Thread.java:748)
2020-01-09 09:33:33  INFO us.codecraft.webmagic.downloader.HttpClientDownloader pool-1-thread-20: - downloading page success https://nj.ke.com/ershoufang/20010817810100124584.html
2020-01-09 09:33:33 ERROR us.codecraft.webmagic.Spider pool-1-thread-19: - process request Request{url='https://nj.ke.com/ershoufang/20010817810100125955.html', method='null', extras=null, priority=0, headers={}, cookies={}} error
java.lang.NullPointerException: null
	at sun.misc.FloatingDecimal.readJavaFormatString(FloatingDecimal.java:1838)
	at sun.misc.FloatingDecimal.parseFloat(FloatingDecimal.java:122)
	at java.lang.Float.parseFloat(Float.java:451)
	at java.lang.Float.valueOf(Float.java:416)
	at com.house365.collector.base.util.BaseHouseInfoExtractUtil.getFloatValue(BaseHouseInfoExtractUtil.java:23)
	at com.house365.collector.beike.sell.processor.BeikeSellProcessor.processDetailPage(BeikeSellProcessor.java:86)
	at com.house365.collector.base.processor.AbstractLianjiaBeikeSellProcessor.processPage(AbstractLianjiaBeikeSellProcessor.java:175)
	at com.house365.collector.beike.sell.processor.BeikeSellProcessor.process(BeikeSellProcessor.java:45)
	at us.codecraft.webmagic.Spider.onDownloadSuccess(Spider.java:414)
	at us.codecraft.webmagic.Spider.processRequest(Spider.java:406)
	at us.codecraft.webmagic.Spider.access$000(Spider.java:61)
	at us.codecraft.webmagic.Spider$1.run(Spider.java:320)
	at us.codecraft.webmagic.thread.CountableThreadPool$1.run(CountableThreadPool.java:74)
	at java.util.concurrent.ThreadPoolExecutor.runWorker(ThreadPoolExecutor.java:1149)
	at java.util.concurrent.ThreadPoolExecutor$Worker.run(ThreadPoolExecutor.java:624)
	at java.lang.Thread.run(Thread.java:748)
2020-01-09 09:33:33 ERROR us.codecraft.webmagic.Spider pool-1-thread-20: - process request Request{url='https://nj.ke.com/ershoufang/20010817810100124584.html', method='null', extras=null, priority=0, headers={}, cookies={}} error
java.lang.NullPointerException: null
	at sun.misc.FloatingDecimal.readJavaFormatString(FloatingDecimal.java:1838)
	at sun.misc.FloatingDecimal.parseFloat(FloatingDecimal.java:122)
	at java.lang.Float.parseFloat(Float.java:451)
	at java.lang.Float.valueOf(Float.java:416)
	at com.house365.collector.base.util.BaseHouseInfoExtractUtil.getFloatValue(BaseHouseInfoExtractUtil.java:23)
	at com.house365.collector.beike.sell.processor.BeikeSellProcessor.processDetailPage(BeikeSellProcessor.java:86)
	at com.house365.collector.base.processor.AbstractLianjiaBeikeSellProcessor.processPage(AbstractLianjiaBeikeSellProcessor.java:175)
	at com.house365.collector.beike.sell.processor.BeikeSellProcessor.process(BeikeSellProcessor.java:45)
	at us.codecraft.webmagic.Spider.onDownloadSuccess(Spider.java:414)
	at us.codecraft.webmagic.Spider.processRequest(Spider.java:406)
	at us.codecraft.webmagic.Spider.access$000(Spider.java:61)
	at us.codecraft.webmagic.Spider$1.run(Spider.java:320)
	at us.codecraft.webmagic.thread.CountableThreadPool$1.run(CountableThreadPool.java:74)
	at java.util.concurrent.ThreadPoolExecutor.runWorker(ThreadPoolExecutor.java:1149)
	at java.util.concurrent.ThreadPoolExecutor$Worker.run(ThreadPoolExecutor.java:624)
	at java.lang.Thread.run(Thread.java:748)
2020-01-09 09:33:33  INFO us.codecraft.webmagic.downloader.HttpClientDownloader pool-1-thread-8: - downloading page success https://nj.ke.com/ershoufang/20010817810100135983.html
2020-01-09 09:33:33  INFO us.codecraft.webmagic.downloader.HttpClientDownloader pool-1-thread-2: - downloading page success https://nj.ke.com/ershoufang/20010817810100141097.html
2020-01-09 09:33:33  INFO us.codecraft.webmagic.downloader.HttpClientDownloader pool-1-thread-1: - downloading page success https://nj.ke.com/ershoufang/20010817810100123241.html
2020-01-09 09:33:33 ERROR us.codecraft.webmagic.Spider pool-1-thread-8: - process request Request{url='https://nj.ke.com/ershoufang/20010817810100135983.html', method='null', extras=null, priority=0, headers={}, cookies={}} error
java.lang.NullPointerException: null
	at sun.misc.FloatingDecimal.readJavaFormatString(FloatingDecimal.java:1838)
	at sun.misc.FloatingDecimal.parseFloat(FloatingDecimal.java:122)
	at java.lang.Float.parseFloat(Float.java:451)
	at java.lang.Float.valueOf(Float.java:416)
	at com.house365.collector.base.util.BaseHouseInfoExtractUtil.getFloatValue(BaseHouseInfoExtractUtil.java:23)
	at com.house365.collector.beike.sell.processor.BeikeSellProcessor.processDetailPage(BeikeSellProcessor.java:86)
	at com.house365.collector.base.processor.AbstractLianjiaBeikeSellProcessor.processPage(AbstractLianjiaBeikeSellProcessor.java:175)
	at com.house365.collector.beike.sell.processor.BeikeSellProcessor.process(BeikeSellProcessor.java:45)
	at us.codecraft.webmagic.Spider.onDownloadSuccess(Spider.java:414)
	at us.codecraft.webmagic.Spider.processRequest(Spider.java:406)
	at us.codecraft.webmagic.Spider.access$000(Spider.java:61)
	at us.codecraft.webmagic.Spider$1.run(Spider.java:320)
	at us.codecraft.webmagic.thread.CountableThreadPool$1.run(CountableThreadPool.java:74)
	at java.util.concurrent.ThreadPoolExecutor.runWorker(ThreadPoolExecutor.java:1149)
	at java.util.concurrent.ThreadPoolExecutor$Worker.run(ThreadPoolExecutor.java:624)
	at java.lang.Thread.run(Thread.java:748)
2020-01-09 09:33:33 ERROR us.codecraft.webmagic.Spider pool-1-thread-2: - process request Request{url='https://nj.ke.com/ershoufang/20010817810100141097.html', method='null', extras=null, priority=0, headers={}, cookies={}} error
java.lang.NullPointerException: null
	at sun.misc.FloatingDecimal.readJavaFormatString(FloatingDecimal.java:1838)
	at sun.misc.FloatingDecimal.parseFloat(FloatingDecimal.java:122)
	at java.lang.Float.parseFloat(Float.java:451)
	at java.lang.Float.valueOf(Float.java:416)
	at com.house365.collector.base.util.BaseHouseInfoExtractUtil.getFloatValue(BaseHouseInfoExtractUtil.java:23)
	at com.house365.collector.beike.sell.processor.BeikeSellProcessor.processDetailPage(BeikeSellProcessor.java:86)
	at com.house365.collector.base.processor.AbstractLianjiaBeikeSellProcessor.processPage(AbstractLianjiaBeikeSellProcessor.java:175)
	at com.house365.collector.beike.sell.processor.BeikeSellProcessor.process(BeikeSellProcessor.java:45)
	at us.codecraft.webmagic.Spider.onDownloadSuccess(Spider.java:414)
	at us.codecraft.webmagic.Spider.processRequest(Spider.java:406)
	at us.codecraft.webmagic.Spider.access$000(Spider.java:61)
	at us.codecraft.webmagic.Spider$1.run(Spider.java:320)
	at us.codecraft.webmagic.thread.CountableThreadPool$1.run(CountableThreadPool.java:74)
	at java.util.concurrent.ThreadPoolExecutor.runWorker(ThreadPoolExecutor.java:1149)
	at java.util.concurrent.ThreadPoolExecutor$Worker.run(ThreadPoolExecutor.java:624)
	at java.lang.Thread.run(Thread.java:748)
2020-01-09 09:33:33  INFO us.codecraft.webmagic.downloader.HttpClientDownloader pool-1-thread-11: - downloading page success https://nj.ke.com/ershoufang/20010817810100133090.html
2020-01-09 09:33:33 ERROR us.codecraft.webmagic.Spider pool-1-thread-1: - process request Request{url='https://nj.ke.com/ershoufang/20010817810100123241.html', method='null', extras=null, priority=0, headers={}, cookies={}} error
java.lang.NullPointerException: null
	at sun.misc.FloatingDecimal.readJavaFormatString(FloatingDecimal.java:1838)
	at sun.misc.FloatingDecimal.parseFloat(FloatingDecimal.java:122)
	at java.lang.Float.parseFloat(Float.java:451)
	at java.lang.Float.valueOf(Float.java:416)
	at com.house365.collector.base.util.BaseHouseInfoExtractUtil.getFloatValue(BaseHouseInfoExtractUtil.java:23)
	at com.house365.collector.beike.sell.processor.BeikeSellProcessor.processDetailPage(BeikeSellProcessor.java:86)
	at com.house365.collector.base.processor.AbstractLianjiaBeikeSellProcessor.processPage(AbstractLianjiaBeikeSellProcessor.java:175)
	at com.house365.collector.beike.sell.processor.BeikeSellProcessor.process(BeikeSellProcessor.java:45)
	at us.codecraft.webmagic.Spider.onDownloadSuccess(Spider.java:414)
	at us.codecraft.webmagic.Spider.processRequest(Spider.java:406)
	at us.codecraft.webmagic.Spider.access$000(Spider.java:61)
	at us.codecraft.webmagic.Spider$1.run(Spider.java:320)
	at us.codecraft.webmagic.thread.CountableThreadPool$1.run(CountableThreadPool.java:74)
	at java.util.concurrent.ThreadPoolExecutor.runWorker(ThreadPoolExecutor.java:1149)
	at java.util.concurrent.ThreadPoolExecutor$Worker.run(ThreadPoolExecutor.java:624)
	at java.lang.Thread.run(Thread.java:748)
2020-01-09 09:33:33  INFO us.codecraft.webmagic.downloader.HttpClientDownloader pool-1-thread-17: - downloading page success https://nj.ke.com/ershoufang/20010817810100127090.html
2020-01-09 09:33:33  INFO us.codecraft.webmagic.downloader.HttpClientDownloader pool-1-thread-10: - downloading page success https://nj.ke.com/ershoufang/20010817810100135126.html
2020-01-09 09:33:33 ERROR us.codecraft.webmagic.Spider pool-1-thread-11: - process request Request{url='https://nj.ke.com/ershoufang/20010817810100133090.html', method='null', extras=null, priority=0, headers={}, cookies={}} error
java.lang.NullPointerException: null
	at sun.misc.FloatingDecimal.readJavaFormatString(FloatingDecimal.java:1838)
	at sun.misc.FloatingDecimal.parseFloat(FloatingDecimal.java:122)
	at java.lang.Float.parseFloat(Float.java:451)
	at java.lang.Float.valueOf(Float.java:416)
	at com.house365.collector.base.util.BaseHouseInfoExtractUtil.getFloatValue(BaseHouseInfoExtractUtil.java:23)
	at com.house365.collector.beike.sell.processor.BeikeSellProcessor.processDetailPage(BeikeSellProcessor.java:86)
	at com.house365.collector.base.processor.AbstractLianjiaBeikeSellProcessor.processPage(AbstractLianjiaBeikeSellProcessor.java:175)
	at com.house365.collector.beike.sell.processor.BeikeSellProcessor.process(BeikeSellProcessor.java:45)
	at us.codecraft.webmagic.Spider.onDownloadSuccess(Spider.java:414)
	at us.codecraft.webmagic.Spider.processRequest(Spider.java:406)
	at us.codecraft.webmagic.Spider.access$000(Spider.java:61)
	at us.codecraft.webmagic.Spider$1.run(Spider.java:320)
	at us.codecraft.webmagic.thread.CountableThreadPool$1.run(CountableThreadPool.java:74)
	at java.util.concurrent.ThreadPoolExecutor.runWorker(ThreadPoolExecutor.java:1149)
	at java.util.concurrent.ThreadPoolExecutor$Worker.run(ThreadPoolExecutor.java:624)
	at java.lang.Thread.run(Thread.java:748)
2020-01-09 09:33:33 ERROR us.codecraft.webmagic.Spider pool-1-thread-17: - process request Request{url='https://nj.ke.com/ershoufang/20010817810100127090.html', method='null', extras=null, priority=0, headers={}, cookies={}} error
java.lang.NullPointerException: null
	at sun.misc.FloatingDecimal.readJavaFormatString(FloatingDecimal.java:1838)
	at sun.misc.FloatingDecimal.parseFloat(FloatingDecimal.java:122)
	at java.lang.Float.parseFloat(Float.java:451)
	at java.lang.Float.valueOf(Float.java:416)
	at com.house365.collector.base.util.BaseHouseInfoExtractUtil.getFloatValue(BaseHouseInfoExtractUtil.java:23)
	at com.house365.collector.beike.sell.processor.BeikeSellProcessor.processDetailPage(BeikeSellProcessor.java:86)
	at com.house365.collector.base.processor.AbstractLianjiaBeikeSellProcessor.processPage(AbstractLianjiaBeikeSellProcessor.java:175)
	at com.house365.collector.beike.sell.processor.BeikeSellProcessor.process(BeikeSellProcessor.java:45)
	at us.codecraft.webmagic.Spider.onDownloadSuccess(Spider.java:414)
	at us.codecraft.webmagic.Spider.processRequest(Spider.java:406)
	at us.codecraft.webmagic.Spider.access$000(Spider.java:61)
	at us.codecraft.webmagic.Spider$1.run(Spider.java:320)
	at us.codecraft.webmagic.thread.CountableThreadPool$1.run(CountableThreadPool.java:74)
	at java.util.concurrent.ThreadPoolExecutor.runWorker(ThreadPoolExecutor.java:1149)
	at java.util.concurrent.ThreadPoolExecutor$Worker.run(ThreadPoolExecutor.java:624)
	at java.lang.Thread.run(Thread.java:748)
2020-01-09 09:33:33 ERROR us.codecraft.webmagic.Spider pool-1-thread-10: - process request Request{url='https://nj.ke.com/ershoufang/20010817810100135126.html', method='null', extras=null, priority=0, headers={}, cookies={}} error
java.lang.NullPointerException: null
	at sun.misc.FloatingDecimal.readJavaFormatString(FloatingDecimal.java:1838)
	at sun.misc.FloatingDecimal.parseFloat(FloatingDecimal.java:122)
	at java.lang.Float.parseFloat(Float.java:451)
	at java.lang.Float.valueOf(Float.java:416)
	at com.house365.collector.base.util.BaseHouseInfoExtractUtil.getFloatValue(BaseHouseInfoExtractUtil.java:23)
	at com.house365.collector.beike.sell.processor.BeikeSellProcessor.processDetailPage(BeikeSellProcessor.java:86)
	at com.house365.collector.base.processor.AbstractLianjiaBeikeSellProcessor.processPage(AbstractLianjiaBeikeSellProcessor.java:175)
	at com.house365.collector.beike.sell.processor.BeikeSellProcessor.process(BeikeSellProcessor.java:45)
	at us.codecraft.webmagic.Spider.onDownloadSuccess(Spider.java:414)
	at us.codecraft.webmagic.Spider.processRequest(Spider.java:406)
	at us.codecraft.webmagic.Spider.access$000(Spider.java:61)
	at us.codecraft.webmagic.Spider$1.run(Spider.java:320)
	at us.codecraft.webmagic.thread.CountableThreadPool$1.run(CountableThreadPool.java:74)
	at java.util.concurrent.ThreadPoolExecutor.runWorker(ThreadPoolExecutor.java:1149)
	at java.util.concurrent.ThreadPoolExecutor$Worker.run(ThreadPoolExecutor.java:624)
	at java.lang.Thread.run(Thread.java:748)
2020-01-09 09:33:33  INFO us.codecraft.webmagic.downloader.HttpClientDownloader pool-1-thread-13: - downloading page success https://nj.ke.com/ershoufang/20010817810100130990.html
2020-01-09 09:33:33 ERROR us.codecraft.webmagic.Spider pool-1-thread-13: - process request Request{url='https://nj.ke.com/ershoufang/20010817810100130990.html', method='null', extras=null, priority=0, headers={}, cookies={}} error
java.lang.NullPointerException: null
	at sun.misc.FloatingDecimal.readJavaFormatString(FloatingDecimal.java:1838)
	at sun.misc.FloatingDecimal.parseFloat(FloatingDecimal.java:122)
	at java.lang.Float.parseFloat(Float.java:451)
	at java.lang.Float.valueOf(Float.java:416)
	at com.house365.collector.base.util.BaseHouseInfoExtractUtil.getFloatValue(BaseHouseInfoExtractUtil.java:23)
	at com.house365.collector.beike.sell.processor.BeikeSellProcessor.processDetailPage(BeikeSellProcessor.java:86)
	at com.house365.collector.base.processor.AbstractLianjiaBeikeSellProcessor.processPage(AbstractLianjiaBeikeSellProcessor.java:175)
	at com.house365.collector.beike.sell.processor.BeikeSellProcessor.process(BeikeSellProcessor.java:45)
	at us.codecraft.webmagic.Spider.onDownloadSuccess(Spider.java:414)
	at us.codecraft.webmagic.Spider.processRequest(Spider.java:406)
	at us.codecraft.webmagic.Spider.access$000(Spider.java:61)
	at us.codecraft.webmagic.Spider$1.run(Spider.java:320)
	at us.codecraft.webmagic.thread.CountableThreadPool$1.run(CountableThreadPool.java:74)
	at java.util.concurrent.ThreadPoolExecutor.runWorker(ThreadPoolExecutor.java:1149)
	at java.util.concurrent.ThreadPoolExecutor$Worker.run(ThreadPoolExecutor.java:624)
	at java.lang.Thread.run(Thread.java:748)
2020-01-09 09:33:34  INFO us.codecraft.webmagic.downloader.HttpClientDownloader pool-1-thread-6: - downloading page success https://nj.ke.com/ershoufang/pg2co32/
2020-01-09 09:33:34  INFO us.codecraft.webmagic.downloader.HttpClientDownloader pool-1-thread-15: - downloading page success https://nj.ke.com/ershoufang/20010817810100120857.html
2020-01-09 09:33:34 ERROR us.codecraft.webmagic.Spider pool-1-thread-15: - process request Request{url='https://nj.ke.com/ershoufang/20010817810100120857.html', method='null', extras=null, priority=0, headers={}, cookies={}} error
java.lang.NullPointerException: null
	at sun.misc.FloatingDecimal.readJavaFormatString(FloatingDecimal.java:1838)
	at sun.misc.FloatingDecimal.parseFloat(FloatingDecimal.java:122)
	at java.lang.Float.parseFloat(Float.java:451)
	at java.lang.Float.valueOf(Float.java:416)
	at com.house365.collector.base.util.BaseHouseInfoExtractUtil.getFloatValue(BaseHouseInfoExtractUtil.java:23)
	at com.house365.collector.beike.sell.processor.BeikeSellProcessor.processDetailPage(BeikeSellProcessor.java:86)
	at com.house365.collector.base.processor.AbstractLianjiaBeikeSellProcessor.processPage(AbstractLianjiaBeikeSellProcessor.java:175)
	at com.house365.collector.beike.sell.processor.BeikeSellProcessor.process(BeikeSellProcessor.java:45)
	at us.codecraft.webmagic.Spider.onDownloadSuccess(Spider.java:414)
	at us.codecraft.webmagic.Spider.processRequest(Spider.java:406)
	at us.codecraft.webmagic.Spider.access$000(Spider.java:61)
	at us.codecraft.webmagic.Spider$1.run(Spider.java:320)
	at us.codecraft.webmagic.thread.CountableThreadPool$1.run(CountableThreadPool.java:74)
	at java.util.concurrent.ThreadPoolExecutor.runWorker(ThreadPoolExecutor.java:1149)
	at java.util.concurrent.ThreadPoolExecutor$Worker.run(ThreadPoolExecutor.java:624)
	at java.lang.Thread.run(Thread.java:748)
2020-01-09 09:33:34  INFO us.codecraft.webmagic.downloader.HttpClientDownloader pool-1-thread-3: - downloading page success https://nj.ke.com/ershoufang/20010817810100121491.html
2020-01-09 09:33:34 ERROR us.codecraft.webmagic.Spider pool-1-thread-3: - process request Request{url='https://nj.ke.com/ershoufang/20010817810100121491.html', method='null', extras=null, priority=0, headers={}, cookies={}} error
java.lang.NullPointerException: null
	at sun.misc.FloatingDecimal.readJavaFormatString(FloatingDecimal.java:1838)
	at sun.misc.FloatingDecimal.parseFloat(FloatingDecimal.java:122)
	at java.lang.Float.parseFloat(Float.java:451)
	at java.lang.Float.valueOf(Float.java:416)
	at com.house365.collector.base.util.BaseHouseInfoExtractUtil.getFloatValue(BaseHouseInfoExtractUtil.java:23)
	at com.house365.collector.beike.sell.processor.BeikeSellProcessor.processDetailPage(BeikeSellProcessor.java:86)
	at com.house365.collector.base.processor.AbstractLianjiaBeikeSellProcessor.processPage(AbstractLianjiaBeikeSellProcessor.java:175)
	at com.house365.collector.beike.sell.processor.BeikeSellProcessor.process(BeikeSellProcessor.java:45)
	at us.codecraft.webmagic.Spider.onDownloadSuccess(Spider.java:414)
	at us.codecraft.webmagic.Spider.processRequest(Spider.java:406)
	at us.codecraft.webmagic.Spider.access$000(Spider.java:61)
	at us.codecraft.webmagic.Spider$1.run(Spider.java:320)
	at us.codecraft.webmagic.thread.CountableThreadPool$1.run(CountableThreadPool.java:74)
	at java.util.concurrent.ThreadPoolExecutor.runWorker(ThreadPoolExecutor.java:1149)
	at java.util.concurrent.ThreadPoolExecutor$Worker.run(ThreadPoolExecutor.java:624)
	at java.lang.Thread.run(Thread.java:748)
2020-01-09 09:33:34  INFO us.codecraft.webmagic.downloader.HttpClientDownloader pool-1-thread-5: - downloading page success https://nj.ke.com/ershoufang/20010817810100120047.html
2020-01-09 09:33:34 ERROR us.codecraft.webmagic.Spider pool-1-thread-5: - process request Request{url='https://nj.ke.com/ershoufang/20010817810100120047.html', method='null', extras=null, priority=0, headers={}, cookies={}} error
java.lang.NullPointerException: null
	at sun.misc.FloatingDecimal.readJavaFormatString(FloatingDecimal.java:1838)
	at sun.misc.FloatingDecimal.parseFloat(FloatingDecimal.java:122)
	at java.lang.Float.parseFloat(Float.java:451)
	at java.lang.Float.valueOf(Float.java:416)
	at com.house365.collector.base.util.BaseHouseInfoExtractUtil.getFloatValue(BaseHouseInfoExtractUtil.java:23)
	at com.house365.collector.beike.sell.processor.BeikeSellProcessor.processDetailPage(BeikeSellProcessor.java:86)
	at com.house365.collector.base.processor.AbstractLianjiaBeikeSellProcessor.processPage(AbstractLianjiaBeikeSellProcessor.java:175)
	at com.house365.collector.beike.sell.processor.BeikeSellProcessor.process(BeikeSellProcessor.java:45)
	at us.codecraft.webmagic.Spider.onDownloadSuccess(Spider.java:414)
	at us.codecraft.webmagic.Spider.processRequest(Spider.java:406)
	at us.codecraft.webmagic.Spider.access$000(Spider.java:61)
	at us.codecraft.webmagic.Spider$1.run(Spider.java:320)
	at us.codecraft.webmagic.thread.CountableThreadPool$1.run(CountableThreadPool.java:74)
	at java.util.concurrent.ThreadPoolExecutor.runWorker(ThreadPoolExecutor.java:1149)
	at java.util.concurrent.ThreadPoolExecutor$Worker.run(ThreadPoolExecutor.java:624)
	at java.lang.Thread.run(Thread.java:748)
2020-01-09 09:33:34  INFO us.codecraft.webmagic.downloader.HttpClientDownloader pool-1-thread-14: - downloading page success https://nj.ke.com/ershoufang/20010817810100119523.html
2020-01-09 09:33:34 ERROR us.codecraft.webmagic.Spider pool-1-thread-14: - process request Request{url='https://nj.ke.com/ershoufang/20010817810100119523.html', method='null', extras=null, priority=0, headers={}, cookies={}} error
java.lang.NullPointerException: null
	at sun.misc.FloatingDecimal.readJavaFormatString(FloatingDecimal.java:1838)
	at sun.misc.FloatingDecimal.parseFloat(FloatingDecimal.java:122)
	at java.lang.Float.parseFloat(Float.java:451)
	at java.lang.Float.valueOf(Float.java:416)
	at com.house365.collector.base.util.BaseHouseInfoExtractUtil.getFloatValue(BaseHouseInfoExtractUtil.java:23)
	at com.house365.collector.beike.sell.processor.BeikeSellProcessor.processDetailPage(BeikeSellProcessor.java:86)
	at com.house365.collector.base.processor.AbstractLianjiaBeikeSellProcessor.processPage(AbstractLianjiaBeikeSellProcessor.java:175)
	at com.house365.collector.beike.sell.processor.BeikeSellProcessor.process(BeikeSellProcessor.java:45)
	at us.codecraft.webmagic.Spider.onDownloadSuccess(Spider.java:414)
	at us.codecraft.webmagic.Spider.processRequest(Spider.java:406)
	at us.codecraft.webmagic.Spider.access$000(Spider.java:61)
	at us.codecraft.webmagic.Spider$1.run(Spider.java:320)
	at us.codecraft.webmagic.thread.CountableThreadPool$1.run(CountableThreadPool.java:74)
	at java.util.concurrent.ThreadPoolExecutor.runWorker(ThreadPoolExecutor.java:1149)
	at java.util.concurrent.ThreadPoolExecutor$Worker.run(ThreadPoolExecutor.java:624)
	at java.lang.Thread.run(Thread.java:748)
2020-01-09 09:33:34  INFO us.codecraft.webmagic.downloader.HttpClientDownloader pool-1-thread-4: - downloading page success https://nj.ke.com/ershoufang/20010817810100115987.html
2020-01-09 09:33:34 ERROR us.codecraft.webmagic.Spider pool-1-thread-4: - process request Request{url='https://nj.ke.com/ershoufang/20010817810100115987.html', method='null', extras=null, priority=0, headers={}, cookies={}} error
java.lang.NullPointerException: null
	at sun.misc.FloatingDecimal.readJavaFormatString(FloatingDecimal.java:1838)
	at sun.misc.FloatingDecimal.parseFloat(FloatingDecimal.java:122)
	at java.lang.Float.parseFloat(Float.java:451)
	at java.lang.Float.valueOf(Float.java:416)
	at com.house365.collector.base.util.BaseHouseInfoExtractUtil.getFloatValue(BaseHouseInfoExtractUtil.java:23)
	at com.house365.collector.beike.sell.processor.BeikeSellProcessor.processDetailPage(BeikeSellProcessor.java:86)
	at com.house365.collector.base.processor.AbstractLianjiaBeikeSellProcessor.processPage(AbstractLianjiaBeikeSellProcessor.java:175)
	at com.house365.collector.beike.sell.processor.BeikeSellProcessor.process(BeikeSellProcessor.java:45)
	at us.codecraft.webmagic.Spider.onDownloadSuccess(Spider.java:414)
	at us.codecraft.webmagic.Spider.processRequest(Spider.java:406)
	at us.codecraft.webmagic.Spider.access$000(Spider.java:61)
	at us.codecraft.webmagic.Spider$1.run(Spider.java:320)
	at us.codecraft.webmagic.thread.CountableThreadPool$1.run(CountableThreadPool.java:74)
	at java.util.concurrent.ThreadPoolExecutor.runWorker(ThreadPoolExecutor.java:1149)
	at java.util.concurrent.ThreadPoolExecutor$Worker.run(ThreadPoolExecutor.java:624)
	at java.lang.Thread.run(Thread.java:748)
2020-01-09 09:33:34  INFO us.codecraft.webmagic.downloader.HttpClientDownloader pool-1-thread-12: - downloading page success https://nj.ke.com/ershoufang/20010817810100117516.html
2020-01-09 09:33:34 ERROR us.codecraft.webmagic.Spider pool-1-thread-12: - process request Request{url='https://nj.ke.com/ershoufang/20010817810100117516.html', method='null', extras=null, priority=0, headers={}, cookies={}} error
java.lang.NullPointerException: null
	at sun.misc.FloatingDecimal.readJavaFormatString(FloatingDecimal.java:1838)
	at sun.misc.FloatingDecimal.parseFloat(FloatingDecimal.java:122)
	at java.lang.Float.parseFloat(Float.java:451)
	at java.lang.Float.valueOf(Float.java:416)
	at com.house365.collector.base.util.BaseHouseInfoExtractUtil.getFloatValue(BaseHouseInfoExtractUtil.java:23)
	at com.house365.collector.beike.sell.processor.BeikeSellProcessor.processDetailPage(BeikeSellProcessor.java:86)
	at com.house365.collector.base.processor.AbstractLianjiaBeikeSellProcessor.processPage(AbstractLianjiaBeikeSellProcessor.java:175)
	at com.house365.collector.beike.sell.processor.BeikeSellProcessor.process(BeikeSellProcessor.java:45)
	at us.codecraft.webmagic.Spider.onDownloadSuccess(Spider.java:414)
	at us.codecraft.webmagic.Spider.processRequest(Spider.java:406)
	at us.codecraft.webmagic.Spider.access$000(Spider.java:61)
	at us.codecraft.webmagic.Spider$1.run(Spider.java:320)
	at us.codecraft.webmagic.thread.CountableThreadPool$1.run(CountableThreadPool.java:74)
	at java.util.concurrent.ThreadPoolExecutor.runWorker(ThreadPoolExecutor.java:1149)
	at java.util.concurrent.ThreadPoolExecutor$Worker.run(ThreadPoolExecutor.java:624)
	at java.lang.Thread.run(Thread.java:748)
2020-01-09 09:33:34  INFO us.codecraft.webmagic.downloader.HttpClientDownloader pool-1-thread-9: - downloading page success https://nj.ke.com/ershoufang/20010817810100119713.html
2020-01-09 09:33:34 ERROR us.codecraft.webmagic.Spider pool-1-thread-9: - process request Request{url='https://nj.ke.com/ershoufang/20010817810100119713.html', method='null', extras=null, priority=0, headers={}, cookies={}} error
java.lang.NullPointerException: null
	at sun.misc.FloatingDecimal.readJavaFormatString(FloatingDecimal.java:1838)
	at sun.misc.FloatingDecimal.parseFloat(FloatingDecimal.java:122)
	at java.lang.Float.parseFloat(Float.java:451)
	at java.lang.Float.valueOf(Float.java:416)
	at com.house365.collector.base.util.BaseHouseInfoExtractUtil.getFloatValue(BaseHouseInfoExtractUtil.java:23)
	at com.house365.collector.beike.sell.processor.BeikeSellProcessor.processDetailPage(BeikeSellProcessor.java:86)
	at com.house365.collector.base.processor.AbstractLianjiaBeikeSellProcessor.processPage(AbstractLianjiaBeikeSellProcessor.java:175)
	at com.house365.collector.beike.sell.processor.BeikeSellProcessor.process(BeikeSellProcessor.java:45)
	at us.codecraft.webmagic.Spider.onDownloadSuccess(Spider.java:414)
	at us.codecraft.webmagic.Spider.processRequest(Spider.java:406)
	at us.codecraft.webmagic.Spider.access$000(Spider.java:61)
	at us.codecraft.webmagic.Spider$1.run(Spider.java:320)
	at us.codecraft.webmagic.thread.CountableThreadPool$1.run(CountableThreadPool.java:74)
	at java.util.concurrent.ThreadPoolExecutor.runWorker(ThreadPoolExecutor.java:1149)
	at java.util.concurrent.ThreadPoolExecutor$Worker.run(ThreadPoolExecutor.java:624)
	at java.lang.Thread.run(Thread.java:748)
2020-01-09 09:33:34  INFO us.codecraft.webmagic.downloader.HttpClientDownloader pool-1-thread-7: - downloading page success https://nj.ke.com/ershoufang/20010817810100116026.html
2020-01-09 09:33:34 ERROR us.codecraft.webmagic.Spider pool-1-thread-7: - process request Request{url='https://nj.ke.com/ershoufang/20010817810100116026.html', method='null', extras=null, priority=0, headers={}, cookies={}} error
java.lang.NullPointerException: null
	at sun.misc.FloatingDecimal.readJavaFormatString(FloatingDecimal.java:1838)
	at sun.misc.FloatingDecimal.parseFloat(FloatingDecimal.java:122)
	at java.lang.Float.parseFloat(Float.java:451)
	at java.lang.Float.valueOf(Float.java:416)
	at com.house365.collector.base.util.BaseHouseInfoExtractUtil.getFloatValue(BaseHouseInfoExtractUtil.java:23)
	at com.house365.collector.beike.sell.processor.BeikeSellProcessor.processDetailPage(BeikeSellProcessor.java:86)
	at com.house365.collector.base.processor.AbstractLianjiaBeikeSellProcessor.processPage(AbstractLianjiaBeikeSellProcessor.java:175)
	at com.house365.collector.beike.sell.processor.BeikeSellProcessor.process(BeikeSellProcessor.java:45)
	at us.codecraft.webmagic.Spider.onDownloadSuccess(Spider.java:414)
	at us.codecraft.webmagic.Spider.processRequest(Spider.java:406)
	at us.codecraft.webmagic.Spider.access$000(Spider.java:61)
	at us.codecraft.webmagic.Spider$1.run(Spider.java:320)
	at us.codecraft.webmagic.thread.CountableThreadPool$1.run(CountableThreadPool.java:74)
	at java.util.concurrent.ThreadPoolExecutor.runWorker(ThreadPoolExecutor.java:1149)
	at java.util.concurrent.ThreadPoolExecutor$Worker.run(ThreadPoolExecutor.java:624)
	at java.lang.Thread.run(Thread.java:748)
2020-01-09 09:33:34  INFO us.codecraft.webmagic.downloader.HttpClientDownloader pool-1-thread-16: - downloading page success https://nj.ke.com/ershoufang/20010817810100116261.html
2020-01-09 09:33:34 ERROR us.codecraft.webmagic.Spider pool-1-thread-16: - process request Request{url='https://nj.ke.com/ershoufang/20010817810100116261.html', method='null', extras=null, priority=0, headers={}, cookies={}} error
java.lang.NullPointerException: null
	at sun.misc.FloatingDecimal.readJavaFormatString(FloatingDecimal.java:1838)
	at sun.misc.FloatingDecimal.parseFloat(FloatingDecimal.java:122)
	at java.lang.Float.parseFloat(Float.java:451)
	at java.lang.Float.valueOf(Float.java:416)
	at com.house365.collector.base.util.BaseHouseInfoExtractUtil.getFloatValue(BaseHouseInfoExtractUtil.java:23)
	at com.house365.collector.beike.sell.processor.BeikeSellProcessor.processDetailPage(BeikeSellProcessor.java:86)
	at com.house365.collector.base.processor.AbstractLianjiaBeikeSellProcessor.processPage(AbstractLianjiaBeikeSellProcessor.java:175)
	at com.house365.collector.beike.sell.processor.BeikeSellProcessor.process(BeikeSellProcessor.java:45)
	at us.codecraft.webmagic.Spider.onDownloadSuccess(Spider.java:414)
	at us.codecraft.webmagic.Spider.processRequest(Spider.java:406)
	at us.codecraft.webmagic.Spider.access$000(Spider.java:61)
	at us.codecraft.webmagic.Spider$1.run(Spider.java:320)
	at us.codecraft.webmagic.thread.CountableThreadPool$1.run(CountableThreadPool.java:74)
	at java.util.concurrent.ThreadPoolExecutor.runWorker(ThreadPoolExecutor.java:1149)
	at java.util.concurrent.ThreadPoolExecutor$Worker.run(ThreadPoolExecutor.java:624)
	at java.lang.Thread.run(Thread.java:748)
2020-01-09 09:33:34  INFO us.codecraft.webmagic.downloader.HttpClientDownloader pool-1-thread-18: - downloading page success https://nj.ke.com/ershoufang/20010817810100115712.html
2020-01-09 09:33:34 ERROR us.codecraft.webmagic.Spider pool-1-thread-18: - process request Request{url='https://nj.ke.com/ershoufang/20010817810100115712.html', method='null', extras=null, priority=0, headers={}, cookies={}} error
java.lang.NullPointerException: null
	at sun.misc.FloatingDecimal.readJavaFormatString(FloatingDecimal.java:1838)
	at sun.misc.FloatingDecimal.parseFloat(FloatingDecimal.java:122)
	at java.lang.Float.parseFloat(Float.java:451)
	at java.lang.Float.valueOf(Float.java:416)
	at com.house365.collector.base.util.BaseHouseInfoExtractUtil.getFloatValue(BaseHouseInfoExtractUtil.java:23)
	at com.house365.collector.beike.sell.processor.BeikeSellProcessor.processDetailPage(BeikeSellProcessor.java:86)
	at com.house365.collector.base.processor.AbstractLianjiaBeikeSellProcessor.processPage(AbstractLianjiaBeikeSellProcessor.java:175)
	at com.house365.collector.beike.sell.processor.BeikeSellProcessor.process(BeikeSellProcessor.java:45)
	at us.codecraft.webmagic.Spider.onDownloadSuccess(Spider.java:414)
	at us.codecraft.webmagic.Spider.processRequest(Spider.java:406)
	at us.codecraft.webmagic.Spider.access$000(Spider.java:61)
	at us.codecraft.webmagic.Spider$1.run(Spider.java:320)
	at us.codecraft.webmagic.thread.CountableThreadPool$1.run(CountableThreadPool.java:74)
	at java.util.concurrent.ThreadPoolExecutor.runWorker(ThreadPoolExecutor.java:1149)
	at java.util.concurrent.ThreadPoolExecutor$Worker.run(ThreadPoolExecutor.java:624)
	at java.lang.Thread.run(Thread.java:748)
2020-01-09 09:33:35  INFO us.codecraft.webmagic.downloader.HttpClientDownloader pool-1-thread-13: - downloading page success https://nj.ke.com/ershoufang/20010817810100104221.html
2020-01-09 09:33:35 ERROR us.codecraft.webmagic.Spider pool-1-thread-13: - process request Request{url='https://nj.ke.com/ershoufang/20010817810100104221.html', method='null', extras=null, priority=0, headers={}, cookies={}} error
java.lang.NullPointerException: null
	at sun.misc.FloatingDecimal.readJavaFormatString(FloatingDecimal.java:1838)
	at sun.misc.FloatingDecimal.parseFloat(FloatingDecimal.java:122)
	at java.lang.Float.parseFloat(Float.java:451)
	at java.lang.Float.valueOf(Float.java:416)
	at com.house365.collector.base.util.BaseHouseInfoExtractUtil.getFloatValue(BaseHouseInfoExtractUtil.java:23)
	at com.house365.collector.beike.sell.processor.BeikeSellProcessor.processDetailPage(BeikeSellProcessor.java:86)
	at com.house365.collector.base.processor.AbstractLianjiaBeikeSellProcessor.processPage(AbstractLianjiaBeikeSellProcessor.java:175)
	at com.house365.collector.beike.sell.processor.BeikeSellProcessor.process(BeikeSellProcessor.java:45)
	at us.codecraft.webmagic.Spider.onDownloadSuccess(Spider.java:414)
	at us.codecraft.webmagic.Spider.processRequest(Spider.java:406)
	at us.codecraft.webmagic.Spider.access$000(Spider.java:61)
	at us.codecraft.webmagic.Spider$1.run(Spider.java:320)
	at us.codecraft.webmagic.thread.CountableThreadPool$1.run(CountableThreadPool.java:74)
	at java.util.concurrent.ThreadPoolExecutor.runWorker(ThreadPoolExecutor.java:1149)
	at java.util.concurrent.ThreadPoolExecutor$Worker.run(ThreadPoolExecutor.java:624)
	at java.lang.Thread.run(Thread.java:748)
2020-01-09 09:33:35  INFO us.codecraft.webmagic.downloader.HttpClientDownloader pool-1-thread-17: - downloading page success https://nj.ke.com/ershoufang/20010817810100104789.html
2020-01-09 09:33:35 ERROR us.codecraft.webmagic.Spider pool-1-thread-17: - process request Request{url='https://nj.ke.com/ershoufang/20010817810100104789.html', method='null', extras=null, priority=0, headers={}, cookies={}} error
java.lang.NullPointerException: null
	at sun.misc.FloatingDecimal.readJavaFormatString(FloatingDecimal.java:1838)
	at sun.misc.FloatingDecimal.parseFloat(FloatingDecimal.java:122)
	at java.lang.Float.parseFloat(Float.java:451)
	at java.lang.Float.valueOf(Float.java:416)
	at com.house365.collector.base.util.BaseHouseInfoExtractUtil.getFloatValue(BaseHouseInfoExtractUtil.java:23)
	at com.house365.collector.beike.sell.processor.BeikeSellProcessor.processDetailPage(BeikeSellProcessor.java:86)
	at com.house365.collector.base.processor.AbstractLianjiaBeikeSellProcessor.processPage(AbstractLianjiaBeikeSellProcessor.java:175)
	at com.house365.collector.beike.sell.processor.BeikeSellProcessor.process(BeikeSellProcessor.java:45)
	at us.codecraft.webmagic.Spider.onDownloadSuccess(Spider.java:414)
	at us.codecraft.webmagic.Spider.processRequest(Spider.java:406)
	at us.codecraft.webmagic.Spider.access$000(Spider.java:61)
	at us.codecraft.webmagic.Spider$1.run(Spider.java:320)
	at us.codecraft.webmagic.thread.CountableThreadPool$1.run(CountableThreadPool.java:74)
	at java.util.concurrent.ThreadPoolExecutor.runWorker(ThreadPoolExecutor.java:1149)
	at java.util.concurrent.ThreadPoolExecutor$Worker.run(ThreadPoolExecutor.java:624)
	at java.lang.Thread.run(Thread.java:748)
2020-01-09 09:33:35  INFO us.codecraft.webmagic.downloader.HttpClientDownloader pool-1-thread-1: - downloading page success https://nj.ke.com/ershoufang/20010817810100105688.html
2020-01-09 09:33:35 ERROR us.codecraft.webmagic.Spider pool-1-thread-1: - process request Request{url='https://nj.ke.com/ershoufang/20010817810100105688.html', method='null', extras=null, priority=0, headers={}, cookies={}} error
java.lang.NullPointerException: null
	at sun.misc.FloatingDecimal.readJavaFormatString(FloatingDecimal.java:1838)
	at sun.misc.FloatingDecimal.parseFloat(FloatingDecimal.java:122)
	at java.lang.Float.parseFloat(Float.java:451)
	at java.lang.Float.valueOf(Float.java:416)
	at com.house365.collector.base.util.BaseHouseInfoExtractUtil.getFloatValue(BaseHouseInfoExtractUtil.java:23)
	at com.house365.collector.beike.sell.processor.BeikeSellProcessor.processDetailPage(BeikeSellProcessor.java:86)
	at com.house365.collector.base.processor.AbstractLianjiaBeikeSellProcessor.processPage(AbstractLianjiaBeikeSellProcessor.java:175)
	at com.house365.collector.beike.sell.processor.BeikeSellProcessor.process(BeikeSellProcessor.java:45)
	at us.codecraft.webmagic.Spider.onDownloadSuccess(Spider.java:414)
	at us.codecraft.webmagic.Spider.processRequest(Spider.java:406)
	at us.codecraft.webmagic.Spider.access$000(Spider.java:61)
	at us.codecraft.webmagic.Spider$1.run(Spider.java:320)
	at us.codecraft.webmagic.thread.CountableThreadPool$1.run(CountableThreadPool.java:74)
	at java.util.concurrent.ThreadPoolExecutor.runWorker(ThreadPoolExecutor.java:1149)
	at java.util.concurrent.ThreadPoolExecutor$Worker.run(ThreadPoolExecutor.java:624)
	at java.lang.Thread.run(Thread.java:748)
2020-01-09 09:33:35  INFO us.codecraft.webmagic.downloader.HttpClientDownloader pool-1-thread-15: - downloading page success https://nj.ke.com/ershoufang/20010817810100104319.html
2020-01-09 09:33:35  INFO us.codecraft.webmagic.downloader.HttpClientDownloader pool-1-thread-11: - downloading page success https://nj.ke.com/ershoufang/20010817810100105777.html
2020-01-09 09:33:35 ERROR us.codecraft.webmagic.Spider pool-1-thread-15: - process request Request{url='https://nj.ke.com/ershoufang/20010817810100104319.html', method='null', extras=null, priority=0, headers={}, cookies={}} error
java.lang.NullPointerException: null
	at sun.misc.FloatingDecimal.readJavaFormatString(FloatingDecimal.java:1838)
	at sun.misc.FloatingDecimal.parseFloat(FloatingDecimal.java:122)
	at java.lang.Float.parseFloat(Float.java:451)
	at java.lang.Float.valueOf(Float.java:416)
	at com.house365.collector.base.util.BaseHouseInfoExtractUtil.getFloatValue(BaseHouseInfoExtractUtil.java:23)
	at com.house365.collector.beike.sell.processor.BeikeSellProcessor.processDetailPage(BeikeSellProcessor.java:86)
	at com.house365.collector.base.processor.AbstractLianjiaBeikeSellProcessor.processPage(AbstractLianjiaBeikeSellProcessor.java:175)
	at com.house365.collector.beike.sell.processor.BeikeSellProcessor.process(BeikeSellProcessor.java:45)
	at us.codecraft.webmagic.Spider.onDownloadSuccess(Spider.java:414)
	at us.codecraft.webmagic.Spider.processRequest(Spider.java:406)
	at us.codecraft.webmagic.Spider.access$000(Spider.java:61)
	at us.codecraft.webmagic.Spider$1.run(Spider.java:320)
	at us.codecraft.webmagic.thread.CountableThreadPool$1.run(CountableThreadPool.java:74)
	at java.util.concurrent.ThreadPoolExecutor.runWorker(ThreadPoolExecutor.java:1149)
	at java.util.concurrent.ThreadPoolExecutor$Worker.run(ThreadPoolExecutor.java:624)
	at java.lang.Thread.run(Thread.java:748)
2020-01-09 09:33:35 ERROR us.codecraft.webmagic.Spider pool-1-thread-11: - process request Request{url='https://nj.ke.com/ershoufang/20010817810100105777.html', method='null', extras=null, priority=0, headers={}, cookies={}} error
java.lang.NullPointerException: null
	at sun.misc.FloatingDecimal.readJavaFormatString(FloatingDecimal.java:1838)
	at sun.misc.FloatingDecimal.parseFloat(FloatingDecimal.java:122)
	at java.lang.Float.parseFloat(Float.java:451)
	at java.lang.Float.valueOf(Float.java:416)
	at com.house365.collector.base.util.BaseHouseInfoExtractUtil.getFloatValue(BaseHouseInfoExtractUtil.java:23)
	at com.house365.collector.beike.sell.processor.BeikeSellProcessor.processDetailPage(BeikeSellProcessor.java:86)
	at com.house365.collector.base.processor.AbstractLianjiaBeikeSellProcessor.processPage(AbstractLianjiaBeikeSellProcessor.java:175)
	at com.house365.collector.beike.sell.processor.BeikeSellProcessor.process(BeikeSellProcessor.java:45)
	at us.codecraft.webmagic.Spider.onDownloadSuccess(Spider.java:414)
	at us.codecraft.webmagic.Spider.processRequest(Spider.java:406)
	at us.codecraft.webmagic.Spider.access$000(Spider.java:61)
	at us.codecraft.webmagic.Spider$1.run(Spider.java:320)
	at us.codecraft.webmagic.thread.CountableThreadPool$1.run(CountableThreadPool.java:74)
	at java.util.concurrent.ThreadPoolExecutor.runWorker(ThreadPoolExecutor.java:1149)
	at java.util.concurrent.ThreadPoolExecutor$Worker.run(ThreadPoolExecutor.java:624)
	at java.lang.Thread.run(Thread.java:748)
2020-01-09 09:33:35  INFO us.codecraft.webmagic.downloader.HttpClientDownloader pool-1-thread-20: - downloading page success https://nj.ke.com/ershoufang/20010817810100106222.html
2020-01-09 09:33:35 ERROR us.codecraft.webmagic.Spider pool-1-thread-20: - process request Request{url='https://nj.ke.com/ershoufang/20010817810100106222.html', method='null', extras=null, priority=0, headers={}, cookies={}} error
java.lang.NullPointerException: null
	at sun.misc.FloatingDecimal.readJavaFormatString(FloatingDecimal.java:1838)
	at sun.misc.FloatingDecimal.parseFloat(FloatingDecimal.java:122)
	at java.lang.Float.parseFloat(Float.java:451)
	at java.lang.Float.valueOf(Float.java:416)
	at com.house365.collector.base.util.BaseHouseInfoExtractUtil.getFloatValue(BaseHouseInfoExtractUtil.java:23)
	at com.house365.collector.beike.sell.processor.BeikeSellProcessor.processDetailPage(BeikeSellProcessor.java:86)
	at com.house365.collector.base.processor.AbstractLianjiaBeikeSellProcessor.processPage(AbstractLianjiaBeikeSellProcessor.java:175)
	at com.house365.collector.beike.sell.processor.BeikeSellProcessor.process(BeikeSellProcessor.java:45)
	at us.codecraft.webmagic.Spider.onDownloadSuccess(Spider.java:414)
	at us.codecraft.webmagic.Spider.processRequest(Spider.java:406)
	at us.codecraft.webmagic.Spider.access$000(Spider.java:61)
	at us.codecraft.webmagic.Spider$1.run(Spider.java:320)
	at us.codecraft.webmagic.thread.CountableThreadPool$1.run(CountableThreadPool.java:74)
	at java.util.concurrent.ThreadPoolExecutor.runWorker(ThreadPoolExecutor.java:1149)
	at java.util.concurrent.ThreadPoolExecutor$Worker.run(ThreadPoolExecutor.java:624)
	at java.lang.Thread.run(Thread.java:748)
2020-01-09 09:33:35  INFO us.codecraft.webmagic.downloader.HttpClientDownloader pool-1-thread-10: - downloading page success https://nj.ke.com/ershoufang/20010817810100104172.html
2020-01-09 09:33:35  INFO us.codecraft.webmagic.downloader.HttpClientDownloader pool-1-thread-19: - downloading page success https://nj.ke.com/ershoufang/20010817810100113337.html
2020-01-09 09:33:35 ERROR us.codecraft.webmagic.Spider pool-1-thread-10: - process request Request{url='https://nj.ke.com/ershoufang/20010817810100104172.html', method='null', extras=null, priority=0, headers={}, cookies={}} error
java.lang.NullPointerException: null
	at sun.misc.FloatingDecimal.readJavaFormatString(FloatingDecimal.java:1838)
	at sun.misc.FloatingDecimal.parseFloat(FloatingDecimal.java:122)
	at java.lang.Float.parseFloat(Float.java:451)
	at java.lang.Float.valueOf(Float.java:416)
	at com.house365.collector.base.util.BaseHouseInfoExtractUtil.getFloatValue(BaseHouseInfoExtractUtil.java:23)
	at com.house365.collector.beike.sell.processor.BeikeSellProcessor.processDetailPage(BeikeSellProcessor.java:86)
	at com.house365.collector.base.processor.AbstractLianjiaBeikeSellProcessor.processPage(AbstractLianjiaBeikeSellProcessor.java:175)
	at com.house365.collector.beike.sell.processor.BeikeSellProcessor.process(BeikeSellProcessor.java:45)
	at us.codecraft.webmagic.Spider.onDownloadSuccess(Spider.java:414)
	at us.codecraft.webmagic.Spider.processRequest(Spider.java:406)
	at us.codecraft.webmagic.Spider.access$000(Spider.java:61)
	at us.codecraft.webmagic.Spider$1.run(Spider.java:320)
	at us.codecraft.webmagic.thread.CountableThreadPool$1.run(CountableThreadPool.java:74)
	at java.util.concurrent.ThreadPoolExecutor.runWorker(ThreadPoolExecutor.java:1149)
	at java.util.concurrent.ThreadPoolExecutor$Worker.run(ThreadPoolExecutor.java:624)
	at java.lang.Thread.run(Thread.java:748)
2020-01-09 09:33:35  INFO us.codecraft.webmagic.downloader.HttpClientDownloader pool-1-thread-12: - downloading page success https://nj.ke.com/ershoufang/20010817810100102719.html
2020-01-09 09:33:35 ERROR us.codecraft.webmagic.Spider pool-1-thread-19: - process request Request{url='https://nj.ke.com/ershoufang/20010817810100113337.html', method='null', extras=null, priority=0, headers={}, cookies={}} error
java.lang.NullPointerException: null
	at sun.misc.FloatingDecimal.readJavaFormatString(FloatingDecimal.java:1838)
	at sun.misc.FloatingDecimal.parseFloat(FloatingDecimal.java:122)
	at java.lang.Float.parseFloat(Float.java:451)
	at java.lang.Float.valueOf(Float.java:416)
	at com.house365.collector.base.util.BaseHouseInfoExtractUtil.getFloatValue(BaseHouseInfoExtractUtil.java:23)
	at com.house365.collector.beike.sell.processor.BeikeSellProcessor.processDetailPage(BeikeSellProcessor.java:86)
	at com.house365.collector.base.processor.AbstractLianjiaBeikeSellProcessor.processPage(AbstractLianjiaBeikeSellProcessor.java:175)
	at com.house365.collector.beike.sell.processor.BeikeSellProcessor.process(BeikeSellProcessor.java:45)
	at us.codecraft.webmagic.Spider.onDownloadSuccess(Spider.java:414)
	at us.codecraft.webmagic.Spider.processRequest(Spider.java:406)
	at us.codecraft.webmagic.Spider.access$000(Spider.java:61)
	at us.codecraft.webmagic.Spider$1.run(Spider.java:320)
	at us.codecraft.webmagic.thread.CountableThreadPool$1.run(CountableThreadPool.java:74)
	at java.util.concurrent.ThreadPoolExecutor.runWorker(ThreadPoolExecutor.java:1149)
	at java.util.concurrent.ThreadPoolExecutor$Worker.run(ThreadPoolExecutor.java:624)
	at java.lang.Thread.run(Thread.java:748)
2020-01-09 09:33:35 ERROR us.codecraft.webmagic.Spider pool-1-thread-12: - process request Request{url='https://nj.ke.com/ershoufang/20010817810100102719.html', method='null', extras=null, priority=0, headers={}, cookies={}} error
java.lang.NullPointerException: null
	at sun.misc.FloatingDecimal.readJavaFormatString(FloatingDecimal.java:1838)
	at sun.misc.FloatingDecimal.parseFloat(FloatingDecimal.java:122)
	at java.lang.Float.parseFloat(Float.java:451)
	at java.lang.Float.valueOf(Float.java:416)
	at com.house365.collector.base.util.BaseHouseInfoExtractUtil.getFloatValue(BaseHouseInfoExtractUtil.java:23)
	at com.house365.collector.beike.sell.processor.BeikeSellProcessor.processDetailPage(BeikeSellProcessor.java:86)
	at com.house365.collector.base.processor.AbstractLianjiaBeikeSellProcessor.processPage(AbstractLianjiaBeikeSellProcessor.java:175)
	at com.house365.collector.beike.sell.processor.BeikeSellProcessor.process(BeikeSellProcessor.java:45)
	at us.codecraft.webmagic.Spider.onDownloadSuccess(Spider.java:414)
	at us.codecraft.webmagic.Spider.processRequest(Spider.java:406)
	at us.codecraft.webmagic.Spider.access$000(Spider.java:61)
	at us.codecraft.webmagic.Spider$1.run(Spider.java:320)
	at us.codecraft.webmagic.thread.CountableThreadPool$1.run(CountableThreadPool.java:74)
	at java.util.concurrent.ThreadPoolExecutor.runWorker(ThreadPoolExecutor.java:1149)
	at java.util.concurrent.ThreadPoolExecutor$Worker.run(ThreadPoolExecutor.java:624)
	at java.lang.Thread.run(Thread.java:748)
2020-01-09 09:33:35  INFO us.codecraft.webmagic.downloader.HttpClientDownloader pool-1-thread-9: - downloading page success https://nj.ke.com/ershoufang/20010817810100102632.html
2020-01-09 09:33:35 ERROR us.codecraft.webmagic.Spider pool-1-thread-9: - process request Request{url='https://nj.ke.com/ershoufang/20010817810100102632.html', method='null', extras=null, priority=0, headers={}, cookies={}} error
java.lang.NullPointerException: null
	at sun.misc.FloatingDecimal.readJavaFormatString(FloatingDecimal.java:1838)
	at sun.misc.FloatingDecimal.parseFloat(FloatingDecimal.java:122)
	at java.lang.Float.parseFloat(Float.java:451)
	at java.lang.Float.valueOf(Float.java:416)
	at com.house365.collector.base.util.BaseHouseInfoExtractUtil.getFloatValue(BaseHouseInfoExtractUtil.java:23)
	at com.house365.collector.beike.sell.processor.BeikeSellProcessor.processDetailPage(BeikeSellProcessor.java:86)
	at com.house365.collector.base.processor.AbstractLianjiaBeikeSellProcessor.processPage(AbstractLianjiaBeikeSellProcessor.java:175)
	at com.house365.collector.beike.sell.processor.BeikeSellProcessor.process(BeikeSellProcessor.java:45)
	at us.codecraft.webmagic.Spider.onDownloadSuccess(Spider.java:414)
	at us.codecraft.webmagic.Spider.processRequest(Spider.java:406)
	at us.codecraft.webmagic.Spider.access$000(Spider.java:61)
	at us.codecraft.webmagic.Spider$1.run(Spider.java:320)
	at us.codecraft.webmagic.thread.CountableThreadPool$1.run(CountableThreadPool.java:74)
	at java.util.concurrent.ThreadPoolExecutor.runWorker(ThreadPoolExecutor.java:1149)
	at java.util.concurrent.ThreadPoolExecutor$Worker.run(ThreadPoolExecutor.java:624)
	at java.lang.Thread.run(Thread.java:748)
2020-01-09 09:33:35  INFO us.codecraft.webmagic.downloader.HttpClientDownloader pool-1-thread-8: - downloading page success https://nj.ke.com/ershoufang/20010817810100106164.html
2020-01-09 09:33:35  INFO us.codecraft.webmagic.downloader.HttpClientDownloader pool-1-thread-5: - downloading page success https://nj.ke.com/ershoufang/20010817810100103935.html
2020-01-09 09:33:35  INFO us.codecraft.webmagic.downloader.HttpClientDownloader pool-1-thread-3: - downloading page success https://nj.ke.com/ershoufang/20010817810100103640.html
2020-01-09 09:33:35 ERROR us.codecraft.webmagic.Spider pool-1-thread-5: - process request Request{url='https://nj.ke.com/ershoufang/20010817810100103935.html', method='null', extras=null, priority=0, headers={}, cookies={}} error
java.lang.NullPointerException: null
	at sun.misc.FloatingDecimal.readJavaFormatString(FloatingDecimal.java:1838)
	at sun.misc.FloatingDecimal.parseFloat(FloatingDecimal.java:122)
	at java.lang.Float.parseFloat(Float.java:451)
	at java.lang.Float.valueOf(Float.java:416)
	at com.house365.collector.base.util.BaseHouseInfoExtractUtil.getFloatValue(BaseHouseInfoExtractUtil.java:23)
	at com.house365.collector.beike.sell.processor.BeikeSellProcessor.processDetailPage(BeikeSellProcessor.java:86)
	at com.house365.collector.base.processor.AbstractLianjiaBeikeSellProcessor.processPage(AbstractLianjiaBeikeSellProcessor.java:175)
	at com.house365.collector.beike.sell.processor.BeikeSellProcessor.process(BeikeSellProcessor.java:45)
	at us.codecraft.webmagic.Spider.onDownloadSuccess(Spider.java:414)
	at us.codecraft.webmagic.Spider.processRequest(Spider.java:406)
	at us.codecraft.webmagic.Spider.access$000(Spider.java:61)
	at us.codecraft.webmagic.Spider$1.run(Spider.java:320)
	at us.codecraft.webmagic.thread.CountableThreadPool$1.run(CountableThreadPool.java:74)
	at java.util.concurrent.ThreadPoolExecutor.runWorker(ThreadPoolExecutor.java:1149)
	at java.util.concurrent.ThreadPoolExecutor$Worker.run(ThreadPoolExecutor.java:624)
	at java.lang.Thread.run(Thread.java:748)
2020-01-09 09:33:35 ERROR us.codecraft.webmagic.Spider pool-1-thread-8: - process request Request{url='https://nj.ke.com/ershoufang/20010817810100106164.html', method='null', extras=null, priority=0, headers={}, cookies={}} error
java.lang.NullPointerException: null
	at sun.misc.FloatingDecimal.readJavaFormatString(FloatingDecimal.java:1838)
	at sun.misc.FloatingDecimal.parseFloat(FloatingDecimal.java:122)
	at java.lang.Float.parseFloat(Float.java:451)
	at java.lang.Float.valueOf(Float.java:416)
	at com.house365.collector.base.util.BaseHouseInfoExtractUtil.getFloatValue(BaseHouseInfoExtractUtil.java:23)
	at com.house365.collector.beike.sell.processor.BeikeSellProcessor.processDetailPage(BeikeSellProcessor.java:86)
	at com.house365.collector.base.processor.AbstractLianjiaBeikeSellProcessor.processPage(AbstractLianjiaBeikeSellProcessor.java:175)
	at com.house365.collector.beike.sell.processor.BeikeSellProcessor.process(BeikeSellProcessor.java:45)
	at us.codecraft.webmagic.Spider.onDownloadSuccess(Spider.java:414)
	at us.codecraft.webmagic.Spider.processRequest(Spider.java:406)
	at us.codecraft.webmagic.Spider.access$000(Spider.java:61)
	at us.codecraft.webmagic.Spider$1.run(Spider.java:320)
	at us.codecraft.webmagic.thread.CountableThreadPool$1.run(CountableThreadPool.java:74)
	at java.util.concurrent.ThreadPoolExecutor.runWorker(ThreadPoolExecutor.java:1149)
	at java.util.concurrent.ThreadPoolExecutor$Worker.run(ThreadPoolExecutor.java:624)
	at java.lang.Thread.run(Thread.java:748)
2020-01-09 09:33:35 ERROR us.codecraft.webmagic.Spider pool-1-thread-3: - process request Request{url='https://nj.ke.com/ershoufang/20010817810100103640.html', method='null', extras=null, priority=0, headers={}, cookies={}} error
java.lang.NullPointerException: null
	at sun.misc.FloatingDecimal.readJavaFormatString(FloatingDecimal.java:1838)
	at sun.misc.FloatingDecimal.parseFloat(FloatingDecimal.java:122)
	at java.lang.Float.parseFloat(Float.java:451)
	at java.lang.Float.valueOf(Float.java:416)
	at com.house365.collector.base.util.BaseHouseInfoExtractUtil.getFloatValue(BaseHouseInfoExtractUtil.java:23)
	at com.house365.collector.beike.sell.processor.BeikeSellProcessor.processDetailPage(BeikeSellProcessor.java:86)
	at com.house365.collector.base.processor.AbstractLianjiaBeikeSellProcessor.processPage(AbstractLianjiaBeikeSellProcessor.java:175)
	at com.house365.collector.beike.sell.processor.BeikeSellProcessor.process(BeikeSellProcessor.java:45)
	at us.codecraft.webmagic.Spider.onDownloadSuccess(Spider.java:414)
	at us.codecraft.webmagic.Spider.processRequest(Spider.java:406)
	at us.codecraft.webmagic.Spider.access$000(Spider.java:61)
	at us.codecraft.webmagic.Spider$1.run(Spider.java:320)
	at us.codecraft.webmagic.thread.CountableThreadPool$1.run(CountableThreadPool.java:74)
	at java.util.concurrent.ThreadPoolExecutor.runWorker(ThreadPoolExecutor.java:1149)
	at java.util.concurrent.ThreadPoolExecutor$Worker.run(ThreadPoolExecutor.java:624)
	at java.lang.Thread.run(Thread.java:748)
2020-01-09 09:33:35  INFO us.codecraft.webmagic.downloader.HttpClientDownloader pool-1-thread-2: - downloading page success https://nj.ke.com/ershoufang/20010817810100105895.html
2020-01-09 09:33:35 ERROR us.codecraft.webmagic.Spider pool-1-thread-2: - process request Request{url='https://nj.ke.com/ershoufang/20010817810100105895.html', method='null', extras=null, priority=0, headers={}, cookies={}} error
java.lang.NullPointerException: null
	at sun.misc.FloatingDecimal.readJavaFormatString(FloatingDecimal.java:1838)
	at sun.misc.FloatingDecimal.parseFloat(FloatingDecimal.java:122)
	at java.lang.Float.parseFloat(Float.java:451)
	at java.lang.Float.valueOf(Float.java:416)
	at com.house365.collector.base.util.BaseHouseInfoExtractUtil.getFloatValue(BaseHouseInfoExtractUtil.java:23)
	at com.house365.collector.beike.sell.processor.BeikeSellProcessor.processDetailPage(BeikeSellProcessor.java:86)
	at com.house365.collector.base.processor.AbstractLianjiaBeikeSellProcessor.processPage(AbstractLianjiaBeikeSellProcessor.java:175)
	at com.house365.collector.beike.sell.processor.BeikeSellProcessor.process(BeikeSellProcessor.java:45)
	at us.codecraft.webmagic.Spider.onDownloadSuccess(Spider.java:414)
	at us.codecraft.webmagic.Spider.processRequest(Spider.java:406)
	at us.codecraft.webmagic.Spider.access$000(Spider.java:61)
	at us.codecraft.webmagic.Spider$1.run(Spider.java:320)
	at us.codecraft.webmagic.thread.CountableThreadPool$1.run(CountableThreadPool.java:74)
	at java.util.concurrent.ThreadPoolExecutor.runWorker(ThreadPoolExecutor.java:1149)
	at java.util.concurrent.ThreadPoolExecutor$Worker.run(ThreadPoolExecutor.java:624)
	at java.lang.Thread.run(Thread.java:748)
2020-01-09 09:33:35  INFO us.codecraft.webmagic.downloader.HttpClientDownloader pool-1-thread-4: - downloading page success https://nj.ke.com/ershoufang/20010817810100103128.html
2020-01-09 09:33:35 ERROR us.codecraft.webmagic.Spider pool-1-thread-4: - process request Request{url='https://nj.ke.com/ershoufang/20010817810100103128.html', method='null', extras=null, priority=0, headers={}, cookies={}} error
java.lang.NullPointerException: null
	at sun.misc.FloatingDecimal.readJavaFormatString(FloatingDecimal.java:1838)
	at sun.misc.FloatingDecimal.parseFloat(FloatingDecimal.java:122)
	at java.lang.Float.parseFloat(Float.java:451)
	at java.lang.Float.valueOf(Float.java:416)
	at com.house365.collector.base.util.BaseHouseInfoExtractUtil.getFloatValue(BaseHouseInfoExtractUtil.java:23)
	at com.house365.collector.beike.sell.processor.BeikeSellProcessor.processDetailPage(BeikeSellProcessor.java:86)
	at com.house365.collector.base.processor.AbstractLianjiaBeikeSellProcessor.processPage(AbstractLianjiaBeikeSellProcessor.java:175)
	at com.house365.collector.beike.sell.processor.BeikeSellProcessor.process(BeikeSellProcessor.java:45)
	at us.codecraft.webmagic.Spider.onDownloadSuccess(Spider.java:414)
	at us.codecraft.webmagic.Spider.processRequest(Spider.java:406)
	at us.codecraft.webmagic.Spider.access$000(Spider.java:61)
	at us.codecraft.webmagic.Spider$1.run(Spider.java:320)
	at us.codecraft.webmagic.thread.CountableThreadPool$1.run(CountableThreadPool.java:74)
	at java.util.concurrent.ThreadPoolExecutor.runWorker(ThreadPoolExecutor.java:1149)
	at java.util.concurrent.ThreadPoolExecutor$Worker.run(ThreadPoolExecutor.java:624)
	at java.lang.Thread.run(Thread.java:748)
2020-01-09 09:33:35  INFO us.codecraft.webmagic.downloader.HttpClientDownloader pool-1-thread-7: - downloading page success https://nj.ke.com/ershoufang/20010817810100102576.html
2020-01-09 09:33:35  INFO us.codecraft.webmagic.downloader.HttpClientDownloader pool-1-thread-14: - downloading page success https://nj.ke.com/ershoufang/20010817810100103572.html
2020-01-09 09:33:35 ERROR us.codecraft.webmagic.Spider pool-1-thread-7: - process request Request{url='https://nj.ke.com/ershoufang/20010817810100102576.html', method='null', extras=null, priority=0, headers={}, cookies={}} error
java.lang.NullPointerException: null
	at sun.misc.FloatingDecimal.readJavaFormatString(FloatingDecimal.java:1838)
	at sun.misc.FloatingDecimal.parseFloat(FloatingDecimal.java:122)
	at java.lang.Float.parseFloat(Float.java:451)
	at java.lang.Float.valueOf(Float.java:416)
	at com.house365.collector.base.util.BaseHouseInfoExtractUtil.getFloatValue(BaseHouseInfoExtractUtil.java:23)
	at com.house365.collector.beike.sell.processor.BeikeSellProcessor.processDetailPage(BeikeSellProcessor.java:86)
	at com.house365.collector.base.processor.AbstractLianjiaBeikeSellProcessor.processPage(AbstractLianjiaBeikeSellProcessor.java:175)
	at com.house365.collector.beike.sell.processor.BeikeSellProcessor.process(BeikeSellProcessor.java:45)
	at us.codecraft.webmagic.Spider.onDownloadSuccess(Spider.java:414)
	at us.codecraft.webmagic.Spider.processRequest(Spider.java:406)
	at us.codecraft.webmagic.Spider.access$000(Spider.java:61)
	at us.codecraft.webmagic.Spider$1.run(Spider.java:320)
	at us.codecraft.webmagic.thread.CountableThreadPool$1.run(CountableThreadPool.java:74)
	at java.util.concurrent.ThreadPoolExecutor.runWorker(ThreadPoolExecutor.java:1149)
	at java.util.concurrent.ThreadPoolExecutor$Worker.run(ThreadPoolExecutor.java:624)
	at java.lang.Thread.run(Thread.java:748)
2020-01-09 09:33:35 ERROR us.codecraft.webmagic.Spider pool-1-thread-14: - process request Request{url='https://nj.ke.com/ershoufang/20010817810100103572.html', method='null', extras=null, priority=0, headers={}, cookies={}} error
java.lang.NullPointerException: null
	at sun.misc.FloatingDecimal.readJavaFormatString(FloatingDecimal.java:1838)
	at sun.misc.FloatingDecimal.parseFloat(FloatingDecimal.java:122)
	at java.lang.Float.parseFloat(Float.java:451)
	at java.lang.Float.valueOf(Float.java:416)
	at com.house365.collector.base.util.BaseHouseInfoExtractUtil.getFloatValue(BaseHouseInfoExtractUtil.java:23)
	at com.house365.collector.beike.sell.processor.BeikeSellProcessor.processDetailPage(BeikeSellProcessor.java:86)
	at com.house365.collector.base.processor.AbstractLianjiaBeikeSellProcessor.processPage(AbstractLianjiaBeikeSellProcessor.java:175)
	at com.house365.collector.beike.sell.processor.BeikeSellProcessor.process(BeikeSellProcessor.java:45)
	at us.codecraft.webmagic.Spider.onDownloadSuccess(Spider.java:414)
	at us.codecraft.webmagic.Spider.processRequest(Spider.java:406)
	at us.codecraft.webmagic.Spider.access$000(Spider.java:61)
	at us.codecraft.webmagic.Spider$1.run(Spider.java:320)
	at us.codecraft.webmagic.thread.CountableThreadPool$1.run(CountableThreadPool.java:74)
	at java.util.concurrent.ThreadPoolExecutor.runWorker(ThreadPoolExecutor.java:1149)
	at java.util.concurrent.ThreadPoolExecutor$Worker.run(ThreadPoolExecutor.java:624)
	at java.lang.Thread.run(Thread.java:748)
2020-01-09 09:33:35  INFO us.codecraft.webmagic.downloader.HttpClientDownloader pool-1-thread-18: - downloading page success https://nj.ke.com/ershoufang/20010817810100101771.html
2020-01-09 09:33:35 ERROR us.codecraft.webmagic.Spider pool-1-thread-18: - process request Request{url='https://nj.ke.com/ershoufang/20010817810100101771.html', method='null', extras=null, priority=0, headers={}, cookies={}} error
java.lang.NullPointerException: null
	at sun.misc.FloatingDecimal.readJavaFormatString(FloatingDecimal.java:1838)
	at sun.misc.FloatingDecimal.parseFloat(FloatingDecimal.java:122)
	at java.lang.Float.parseFloat(Float.java:451)
	at java.lang.Float.valueOf(Float.java:416)
	at com.house365.collector.base.util.BaseHouseInfoExtractUtil.getFloatValue(BaseHouseInfoExtractUtil.java:23)
	at com.house365.collector.beike.sell.processor.BeikeSellProcessor.processDetailPage(BeikeSellProcessor.java:86)
	at com.house365.collector.base.processor.AbstractLianjiaBeikeSellProcessor.processPage(AbstractLianjiaBeikeSellProcessor.java:175)
	at com.house365.collector.beike.sell.processor.BeikeSellProcessor.process(BeikeSellProcessor.java:45)
	at us.codecraft.webmagic.Spider.onDownloadSuccess(Spider.java:414)
	at us.codecraft.webmagic.Spider.processRequest(Spider.java:406)
	at us.codecraft.webmagic.Spider.access$000(Spider.java:61)
	at us.codecraft.webmagic.Spider$1.run(Spider.java:320)
	at us.codecraft.webmagic.thread.CountableThreadPool$1.run(CountableThreadPool.java:74)
	at java.util.concurrent.ThreadPoolExecutor.runWorker(ThreadPoolExecutor.java:1149)
	at java.util.concurrent.ThreadPoolExecutor$Worker.run(ThreadPoolExecutor.java:624)
	at java.lang.Thread.run(Thread.java:748)
2020-01-09 09:33:35  INFO us.codecraft.webmagic.downloader.HttpClientDownloader pool-1-thread-16: - downloading page success https://nj.ke.com/ershoufang/20010817810100101827.html
2020-01-09 09:33:35 ERROR us.codecraft.webmagic.Spider pool-1-thread-16: - process request Request{url='https://nj.ke.com/ershoufang/20010817810100101827.html', method='null', extras=null, priority=0, headers={}, cookies={}} error
java.lang.NullPointerException: null
	at sun.misc.FloatingDecimal.readJavaFormatString(FloatingDecimal.java:1838)
	at sun.misc.FloatingDecimal.parseFloat(FloatingDecimal.java:122)
	at java.lang.Float.parseFloat(Float.java:451)
	at java.lang.Float.valueOf(Float.java:416)
	at com.house365.collector.base.util.BaseHouseInfoExtractUtil.getFloatValue(BaseHouseInfoExtractUtil.java:23)
	at com.house365.collector.beike.sell.processor.BeikeSellProcessor.processDetailPage(BeikeSellProcessor.java:86)
	at com.house365.collector.base.processor.AbstractLianjiaBeikeSellProcessor.processPage(AbstractLianjiaBeikeSellProcessor.java:175)
	at com.house365.collector.beike.sell.processor.BeikeSellProcessor.process(BeikeSellProcessor.java:45)
	at us.codecraft.webmagic.Spider.onDownloadSuccess(Spider.java:414)
	at us.codecraft.webmagic.Spider.processRequest(Spider.java:406)
	at us.codecraft.webmagic.Spider.access$000(Spider.java:61)
	at us.codecraft.webmagic.Spider$1.run(Spider.java:320)
	at us.codecraft.webmagic.thread.CountableThreadPool$1.run(CountableThreadPool.java:74)
	at java.util.concurrent.ThreadPoolExecutor.runWorker(ThreadPoolExecutor.java:1149)
	at java.util.concurrent.ThreadPoolExecutor$Worker.run(ThreadPoolExecutor.java:624)
	at java.lang.Thread.run(Thread.java:748)
2020-01-09 09:33:35  INFO us.codecraft.webmagic.downloader.HttpClientDownloader pool-1-thread-1: - downloading page success https://nj.ke.com/ershoufang/pg3co32/
2020-01-09 09:33:36  INFO us.codecraft.webmagic.downloader.HttpClientDownloader pool-1-thread-13: - downloading page success https://nj.ke.com/ershoufang/20010817810100101263.html
2020-01-09 09:33:36 ERROR us.codecraft.webmagic.Spider pool-1-thread-13: - process request Request{url='https://nj.ke.com/ershoufang/20010817810100101263.html', method='null', extras=null, priority=0, headers={}, cookies={}} error
java.lang.NullPointerException: null
	at sun.misc.FloatingDecimal.readJavaFormatString(FloatingDecimal.java:1838)
	at sun.misc.FloatingDecimal.parseFloat(FloatingDecimal.java:122)
	at java.lang.Float.parseFloat(Float.java:451)
	at java.lang.Float.valueOf(Float.java:416)
	at com.house365.collector.base.util.BaseHouseInfoExtractUtil.getFloatValue(BaseHouseInfoExtractUtil.java:23)
	at com.house365.collector.beike.sell.processor.BeikeSellProcessor.processDetailPage(BeikeSellProcessor.java:86)
	at com.house365.collector.base.processor.AbstractLianjiaBeikeSellProcessor.processPage(AbstractLianjiaBeikeSellProcessor.java:175)
	at com.house365.collector.beike.sell.processor.BeikeSellProcessor.process(BeikeSellProcessor.java:45)
	at us.codecraft.webmagic.Spider.onDownloadSuccess(Spider.java:414)
	at us.codecraft.webmagic.Spider.processRequest(Spider.java:406)
	at us.codecraft.webmagic.Spider.access$000(Spider.java:61)
	at us.codecraft.webmagic.Spider$1.run(Spider.java:320)
	at us.codecraft.webmagic.thread.CountableThreadPool$1.run(CountableThreadPool.java:74)
	at java.util.concurrent.ThreadPoolExecutor.runWorker(ThreadPoolExecutor.java:1149)
	at java.util.concurrent.ThreadPoolExecutor$Worker.run(ThreadPoolExecutor.java:624)
	at java.lang.Thread.run(Thread.java:748)
2020-01-09 09:33:36  INFO us.codecraft.webmagic.downloader.HttpClientDownloader pool-1-thread-17: - downloading page success https://nj.ke.com/ershoufang/20010817810100100397.html
2020-01-09 09:33:36 ERROR us.codecraft.webmagic.Spider pool-1-thread-17: - process request Request{url='https://nj.ke.com/ershoufang/20010817810100100397.html', method='null', extras=null, priority=0, headers={}, cookies={}} error
java.lang.NullPointerException: null
	at sun.misc.FloatingDecimal.readJavaFormatString(FloatingDecimal.java:1838)
	at sun.misc.FloatingDecimal.parseFloat(FloatingDecimal.java:122)
	at java.lang.Float.parseFloat(Float.java:451)
	at java.lang.Float.valueOf(Float.java:416)
	at com.house365.collector.base.util.BaseHouseInfoExtractUtil.getFloatValue(BaseHouseInfoExtractUtil.java:23)
	at com.house365.collector.beike.sell.processor.BeikeSellProcessor.processDetailPage(BeikeSellProcessor.java:86)
	at com.house365.collector.base.processor.AbstractLianjiaBeikeSellProcessor.processPage(AbstractLianjiaBeikeSellProcessor.java:175)
	at com.house365.collector.beike.sell.processor.BeikeSellProcessor.process(BeikeSellProcessor.java:45)
	at us.codecraft.webmagic.Spider.onDownloadSuccess(Spider.java:414)
	at us.codecraft.webmagic.Spider.processRequest(Spider.java:406)
	at us.codecraft.webmagic.Spider.access$000(Spider.java:61)
	at us.codecraft.webmagic.Spider$1.run(Spider.java:320)
	at us.codecraft.webmagic.thread.CountableThreadPool$1.run(CountableThreadPool.java:74)
	at java.util.concurrent.ThreadPoolExecutor.runWorker(ThreadPoolExecutor.java:1149)
	at java.util.concurrent.ThreadPoolExecutor$Worker.run(ThreadPoolExecutor.java:624)
	at java.lang.Thread.run(Thread.java:748)
