2019-11-25 09:40:14  INFO us.codecraft.webmagic.Spider main: - Spider nj.c21.com.cn started!
2019-11-25 09:40:15  INFO us.codecraft.webmagic.downloader.HttpClientDownloader pool-1-thread-1: - downloading page success https://nj.c21.com.cn/ershoufang/esf/pg1
2019-11-25 09:40:20  INFO us.codecraft.webmagic.Spider main: - Spider nj.c21.com.cn started!
2019-11-25 09:40:21  INFO us.codecraft.webmagic.downloader.HttpClientDownloader pool-1-thread-1: - downloading page success https://nj.c21.com.cn/ershoufang/esf/pg1
2019-11-25 09:40:22  WARN us.codecraft.webmagic.downloader.HttpClientDownloader pool-1-thread-2: - download page https://nj.koofang.com/ershoufang/103102617462.html error
javax.net.ssl.SSLPeerUnverifiedException: Certificate for <nj.koofang.com> doesn't match any of the subject alternative names: [*.c21.com.cn, c21.com.cn]
	at org.apache.http.conn.ssl.SSLConnectionSocketFactory.verifyHostname(SSLConnectionSocketFactory.java:507)
	at org.apache.http.conn.ssl.SSLConnectionSocketFactory.createLayeredSocket(SSLConnectionSocketFactory.java:437)
	at org.apache.http.conn.ssl.SSLConnectionSocketFactory.connectSocket(SSLConnectionSocketFactory.java:384)
	at org.apache.http.impl.conn.DefaultHttpClientConnectionOperator.connect(DefaultHttpClientConnectionOperator.java:142)
	at org.apache.http.impl.conn.PoolingHttpClientConnectionManager.connect(PoolingHttpClientConnectionManager.java:374)
	at org.apache.http.impl.execchain.MainClientExec.establishRoute(MainClientExec.java:393)
	at org.apache.http.impl.execchain.MainClientExec.execute(MainClientExec.java:236)
	at org.apache.http.impl.execchain.ProtocolExec.execute(ProtocolExec.java:186)
	at org.apache.http.impl.execchain.RetryExec.execute(RetryExec.java:89)
	at org.apache.http.impl.execchain.RedirectExec.execute(RedirectExec.java:110)
	at org.apache.http.impl.client.InternalHttpClient.doExecute(InternalHttpClient.java:185)
	at org.apache.http.impl.client.CloseableHttpClient.execute(CloseableHttpClient.java:83)
	at us.codecraft.webmagic.downloader.HttpClientDownloader.download(HttpClientDownloader.java:85)
	at us.codecraft.webmagic.Spider.processRequest(Spider.java:404)
	at us.codecraft.webmagic.Spider.access$000(Spider.java:61)
	at us.codecraft.webmagic.Spider$1.run(Spider.java:320)
	at us.codecraft.webmagic.thread.CountableThreadPool$1.run(CountableThreadPool.java:74)
	at java.util.concurrent.ThreadPoolExecutor.runWorker(ThreadPoolExecutor.java:1149)
	at java.util.concurrent.ThreadPoolExecutor$Worker.run(ThreadPoolExecutor.java:624)
	at java.lang.Thread.run(Thread.java:748)
2019-11-25 09:40:22  WARN us.codecraft.webmagic.downloader.HttpClientDownloader pool-1-thread-6: - download page https://nj.koofang.com/ershoufang/103105428945.html error
javax.net.ssl.SSLPeerUnverifiedException: Certificate for <nj.koofang.com> doesn't match any of the subject alternative names: [*.c21.com.cn, c21.com.cn]
	at org.apache.http.conn.ssl.SSLConnectionSocketFactory.verifyHostname(SSLConnectionSocketFactory.java:507)
	at org.apache.http.conn.ssl.SSLConnectionSocketFactory.createLayeredSocket(SSLConnectionSocketFactory.java:437)
	at org.apache.http.conn.ssl.SSLConnectionSocketFactory.connectSocket(SSLConnectionSocketFactory.java:384)
	at org.apache.http.impl.conn.DefaultHttpClientConnectionOperator.connect(DefaultHttpClientConnectionOperator.java:142)
	at org.apache.http.impl.conn.PoolingHttpClientConnectionManager.connect(PoolingHttpClientConnectionManager.java:374)
	at org.apache.http.impl.execchain.MainClientExec.establishRoute(MainClientExec.java:393)
	at org.apache.http.impl.execchain.MainClientExec.execute(MainClientExec.java:236)
	at org.apache.http.impl.execchain.ProtocolExec.execute(ProtocolExec.java:186)
	at org.apache.http.impl.execchain.RetryExec.execute(RetryExec.java:89)
	at org.apache.http.impl.execchain.RedirectExec.execute(RedirectExec.java:110)
	at org.apache.http.impl.client.InternalHttpClient.doExecute(InternalHttpClient.java:185)
	at org.apache.http.impl.client.CloseableHttpClient.execute(CloseableHttpClient.java:83)
	at us.codecraft.webmagic.downloader.HttpClientDownloader.download(HttpClientDownloader.java:85)
	at us.codecraft.webmagic.Spider.processRequest(Spider.java:404)
	at us.codecraft.webmagic.Spider.access$000(Spider.java:61)
	at us.codecraft.webmagic.Spider$1.run(Spider.java:320)
	at us.codecraft.webmagic.thread.CountableThreadPool$1.run(CountableThreadPool.java:74)
	at java.util.concurrent.ThreadPoolExecutor.runWorker(ThreadPoolExecutor.java:1149)
	at java.util.concurrent.ThreadPoolExecutor$Worker.run(ThreadPoolExecutor.java:624)
	at java.lang.Thread.run(Thread.java:748)
2019-11-25 09:40:22  WARN us.codecraft.webmagic.downloader.HttpClientDownloader pool-1-thread-4: - download page https://nj.koofang.com/ershoufang/103104046982.html error
javax.net.ssl.SSLPeerUnverifiedException: Certificate for <nj.koofang.com> doesn't match any of the subject alternative names: [*.c21.com.cn, c21.com.cn]
	at org.apache.http.conn.ssl.SSLConnectionSocketFactory.verifyHostname(SSLConnectionSocketFactory.java:507)
	at org.apache.http.conn.ssl.SSLConnectionSocketFactory.createLayeredSocket(SSLConnectionSocketFactory.java:437)
	at org.apache.http.conn.ssl.SSLConnectionSocketFactory.connectSocket(SSLConnectionSocketFactory.java:384)
	at org.apache.http.impl.conn.DefaultHttpClientConnectionOperator.connect(DefaultHttpClientConnectionOperator.java:142)
	at org.apache.http.impl.conn.PoolingHttpClientConnectionManager.connect(PoolingHttpClientConnectionManager.java:374)
	at org.apache.http.impl.execchain.MainClientExec.establishRoute(MainClientExec.java:393)
	at org.apache.http.impl.execchain.MainClientExec.execute(MainClientExec.java:236)
	at org.apache.http.impl.execchain.ProtocolExec.execute(ProtocolExec.java:186)
	at org.apache.http.impl.execchain.RetryExec.execute(RetryExec.java:89)
	at org.apache.http.impl.execchain.RedirectExec.execute(RedirectExec.java:110)
	at org.apache.http.impl.client.InternalHttpClient.doExecute(InternalHttpClient.java:185)
	at org.apache.http.impl.client.CloseableHttpClient.execute(CloseableHttpClient.java:83)
	at us.codecraft.webmagic.downloader.HttpClientDownloader.download(HttpClientDownloader.java:85)
	at us.codecraft.webmagic.Spider.processRequest(Spider.java:404)
	at us.codecraft.webmagic.Spider.access$000(Spider.java:61)
	at us.codecraft.webmagic.Spider$1.run(Spider.java:320)
	at us.codecraft.webmagic.thread.CountableThreadPool$1.run(CountableThreadPool.java:74)
	at java.util.concurrent.ThreadPoolExecutor.runWorker(ThreadPoolExecutor.java:1149)
	at java.util.concurrent.ThreadPoolExecutor$Worker.run(ThreadPoolExecutor.java:624)
	at java.lang.Thread.run(Thread.java:748)
2019-11-25 09:40:22  WARN us.codecraft.webmagic.downloader.HttpClientDownloader pool-1-thread-7: - download page https://nj.koofang.com/ershoufang/103106409813.html error
javax.net.ssl.SSLPeerUnverifiedException: Certificate for <nj.koofang.com> doesn't match any of the subject alternative names: [*.c21.com.cn, c21.com.cn]
	at org.apache.http.conn.ssl.SSLConnectionSocketFactory.verifyHostname(SSLConnectionSocketFactory.java:507)
	at org.apache.http.conn.ssl.SSLConnectionSocketFactory.createLayeredSocket(SSLConnectionSocketFactory.java:437)
	at org.apache.http.conn.ssl.SSLConnectionSocketFactory.connectSocket(SSLConnectionSocketFactory.java:384)
	at org.apache.http.impl.conn.DefaultHttpClientConnectionOperator.connect(DefaultHttpClientConnectionOperator.java:142)
	at org.apache.http.impl.conn.PoolingHttpClientConnectionManager.connect(PoolingHttpClientConnectionManager.java:374)
	at org.apache.http.impl.execchain.MainClientExec.establishRoute(MainClientExec.java:393)
	at org.apache.http.impl.execchain.MainClientExec.execute(MainClientExec.java:236)
	at org.apache.http.impl.execchain.ProtocolExec.execute(ProtocolExec.java:186)
	at org.apache.http.impl.execchain.RetryExec.execute(RetryExec.java:89)
	at org.apache.http.impl.execchain.RedirectExec.execute(RedirectExec.java:110)
	at org.apache.http.impl.client.InternalHttpClient.doExecute(InternalHttpClient.java:185)
	at org.apache.http.impl.client.CloseableHttpClient.execute(CloseableHttpClient.java:83)
	at us.codecraft.webmagic.downloader.HttpClientDownloader.download(HttpClientDownloader.java:85)
	at us.codecraft.webmagic.Spider.processRequest(Spider.java:404)
	at us.codecraft.webmagic.Spider.access$000(Spider.java:61)
	at us.codecraft.webmagic.Spider$1.run(Spider.java:320)
	at us.codecraft.webmagic.thread.CountableThreadPool$1.run(CountableThreadPool.java:74)
	at java.util.concurrent.ThreadPoolExecutor.runWorker(ThreadPoolExecutor.java:1149)
	at java.util.concurrent.ThreadPoolExecutor$Worker.run(ThreadPoolExecutor.java:624)
	at java.lang.Thread.run(Thread.java:748)
2019-11-25 09:40:22  WARN us.codecraft.webmagic.downloader.HttpClientDownloader pool-1-thread-3: - download page https://nj.koofang.com/ershoufang/103103714703.html error
javax.net.ssl.SSLPeerUnverifiedException: Certificate for <nj.koofang.com> doesn't match any of the subject alternative names: [*.c21.com.cn, c21.com.cn]
	at org.apache.http.conn.ssl.SSLConnectionSocketFactory.verifyHostname(SSLConnectionSocketFactory.java:507)
	at org.apache.http.conn.ssl.SSLConnectionSocketFactory.createLayeredSocket(SSLConnectionSocketFactory.java:437)
	at org.apache.http.conn.ssl.SSLConnectionSocketFactory.connectSocket(SSLConnectionSocketFactory.java:384)
	at org.apache.http.impl.conn.DefaultHttpClientConnectionOperator.connect(DefaultHttpClientConnectionOperator.java:142)
	at org.apache.http.impl.conn.PoolingHttpClientConnectionManager.connect(PoolingHttpClientConnectionManager.java:374)
	at org.apache.http.impl.execchain.MainClientExec.establishRoute(MainClientExec.java:393)
	at org.apache.http.impl.execchain.MainClientExec.execute(MainClientExec.java:236)
	at org.apache.http.impl.execchain.ProtocolExec.execute(ProtocolExec.java:186)
	at org.apache.http.impl.execchain.RetryExec.execute(RetryExec.java:89)
	at org.apache.http.impl.execchain.RedirectExec.execute(RedirectExec.java:110)
	at org.apache.http.impl.client.InternalHttpClient.doExecute(InternalHttpClient.java:185)
	at org.apache.http.impl.client.CloseableHttpClient.execute(CloseableHttpClient.java:83)
	at us.codecraft.webmagic.downloader.HttpClientDownloader.download(HttpClientDownloader.java:85)
	at us.codecraft.webmagic.Spider.processRequest(Spider.java:404)
	at us.codecraft.webmagic.Spider.access$000(Spider.java:61)
	at us.codecraft.webmagic.Spider$1.run(Spider.java:320)
	at us.codecraft.webmagic.thread.CountableThreadPool$1.run(CountableThreadPool.java:74)
	at java.util.concurrent.ThreadPoolExecutor.runWorker(ThreadPoolExecutor.java:1149)
	at java.util.concurrent.ThreadPoolExecutor$Worker.run(ThreadPoolExecutor.java:624)
	at java.lang.Thread.run(Thread.java:748)
2019-11-25 09:40:22  WARN us.codecraft.webmagic.downloader.HttpClientDownloader pool-1-thread-5: - download page https://nj.koofang.com/ershoufang/103104248762.html error
javax.net.ssl.SSLPeerUnverifiedException: Certificate for <nj.koofang.com> doesn't match any of the subject alternative names: [*.c21.com.cn, c21.com.cn]
	at org.apache.http.conn.ssl.SSLConnectionSocketFactory.verifyHostname(SSLConnectionSocketFactory.java:507)
	at org.apache.http.conn.ssl.SSLConnectionSocketFactory.createLayeredSocket(SSLConnectionSocketFactory.java:437)
	at org.apache.http.conn.ssl.SSLConnectionSocketFactory.connectSocket(SSLConnectionSocketFactory.java:384)
	at org.apache.http.impl.conn.DefaultHttpClientConnectionOperator.connect(DefaultHttpClientConnectionOperator.java:142)
	at org.apache.http.impl.conn.PoolingHttpClientConnectionManager.connect(PoolingHttpClientConnectionManager.java:374)
	at org.apache.http.impl.execchain.MainClientExec.establishRoute(MainClientExec.java:393)
	at org.apache.http.impl.execchain.MainClientExec.execute(MainClientExec.java:236)
	at org.apache.http.impl.execchain.ProtocolExec.execute(ProtocolExec.java:186)
	at org.apache.http.impl.execchain.RetryExec.execute(RetryExec.java:89)
	at org.apache.http.impl.execchain.RedirectExec.execute(RedirectExec.java:110)
	at org.apache.http.impl.client.InternalHttpClient.doExecute(InternalHttpClient.java:185)
	at org.apache.http.impl.client.CloseableHttpClient.execute(CloseableHttpClient.java:83)
	at us.codecraft.webmagic.downloader.HttpClientDownloader.download(HttpClientDownloader.java:85)
	at us.codecraft.webmagic.Spider.processRequest(Spider.java:404)
	at us.codecraft.webmagic.Spider.access$000(Spider.java:61)
	at us.codecraft.webmagic.Spider$1.run(Spider.java:320)
	at us.codecraft.webmagic.thread.CountableThreadPool$1.run(CountableThreadPool.java:74)
	at java.util.concurrent.ThreadPoolExecutor.runWorker(ThreadPoolExecutor.java:1149)
	at java.util.concurrent.ThreadPoolExecutor$Worker.run(ThreadPoolExecutor.java:624)
	at java.lang.Thread.run(Thread.java:748)
2019-11-25 09:40:23  INFO us.codecraft.webmagic.Spider main: - Spider nj.c21.com.cn closed! 7 pages downloaded.
2019-11-25 09:43:44  INFO us.codecraft.webmagic.Spider main: - Spider nj.c21.com.cn started!
2019-11-25 09:43:45  INFO us.codecraft.webmagic.downloader.HttpClientDownloader pool-1-thread-1: - downloading page success https://nj.c21.com.cn/ershoufang/esf/pg1
2019-11-25 09:43:46  WARN us.codecraft.webmagic.downloader.HttpClientDownloader pool-1-thread-2: - download page https://nj.koofang.com/ershoufang/103102617462.html error
javax.net.ssl.SSLPeerUnverifiedException: Certificate for <nj.koofang.com> doesn't match any of the subject alternative names: [*.c21.com.cn, c21.com.cn]
	at org.apache.http.conn.ssl.SSLConnectionSocketFactory.verifyHostname(SSLConnectionSocketFactory.java:507)
	at org.apache.http.conn.ssl.SSLConnectionSocketFactory.createLayeredSocket(SSLConnectionSocketFactory.java:437)
	at org.apache.http.conn.ssl.SSLConnectionSocketFactory.connectSocket(SSLConnectionSocketFactory.java:384)
	at org.apache.http.impl.conn.DefaultHttpClientConnectionOperator.connect(DefaultHttpClientConnectionOperator.java:142)
	at org.apache.http.impl.conn.PoolingHttpClientConnectionManager.connect(PoolingHttpClientConnectionManager.java:374)
	at org.apache.http.impl.execchain.MainClientExec.establishRoute(MainClientExec.java:393)
	at org.apache.http.impl.execchain.MainClientExec.execute(MainClientExec.java:236)
	at org.apache.http.impl.execchain.ProtocolExec.execute(ProtocolExec.java:186)
	at org.apache.http.impl.execchain.RetryExec.execute(RetryExec.java:89)
	at org.apache.http.impl.execchain.RedirectExec.execute(RedirectExec.java:110)
	at org.apache.http.impl.client.InternalHttpClient.doExecute(InternalHttpClient.java:185)
	at org.apache.http.impl.client.CloseableHttpClient.execute(CloseableHttpClient.java:83)
	at us.codecraft.webmagic.downloader.HttpClientDownloader.download(HttpClientDownloader.java:85)
	at us.codecraft.webmagic.Spider.processRequest(Spider.java:404)
	at us.codecraft.webmagic.Spider.access$000(Spider.java:61)
	at us.codecraft.webmagic.Spider$1.run(Spider.java:320)
	at us.codecraft.webmagic.thread.CountableThreadPool$1.run(CountableThreadPool.java:74)
	at java.util.concurrent.ThreadPoolExecutor.runWorker(ThreadPoolExecutor.java:1149)
	at java.util.concurrent.ThreadPoolExecutor$Worker.run(ThreadPoolExecutor.java:624)
	at java.lang.Thread.run(Thread.java:748)
2019-11-25 09:43:46  WARN us.codecraft.webmagic.downloader.HttpClientDownloader pool-1-thread-6: - download page https://nj.koofang.com/ershoufang/103105428945.html error
javax.net.ssl.SSLPeerUnverifiedException: Certificate for <nj.koofang.com> doesn't match any of the subject alternative names: [*.c21.com.cn, c21.com.cn]
	at org.apache.http.conn.ssl.SSLConnectionSocketFactory.verifyHostname(SSLConnectionSocketFactory.java:507)
	at org.apache.http.conn.ssl.SSLConnectionSocketFactory.createLayeredSocket(SSLConnectionSocketFactory.java:437)
	at org.apache.http.conn.ssl.SSLConnectionSocketFactory.connectSocket(SSLConnectionSocketFactory.java:384)
	at org.apache.http.impl.conn.DefaultHttpClientConnectionOperator.connect(DefaultHttpClientConnectionOperator.java:142)
	at org.apache.http.impl.conn.PoolingHttpClientConnectionManager.connect(PoolingHttpClientConnectionManager.java:374)
	at org.apache.http.impl.execchain.MainClientExec.establishRoute(MainClientExec.java:393)
	at org.apache.http.impl.execchain.MainClientExec.execute(MainClientExec.java:236)
	at org.apache.http.impl.execchain.ProtocolExec.execute(ProtocolExec.java:186)
	at org.apache.http.impl.execchain.RetryExec.execute(RetryExec.java:89)
	at org.apache.http.impl.execchain.RedirectExec.execute(RedirectExec.java:110)
	at org.apache.http.impl.client.InternalHttpClient.doExecute(InternalHttpClient.java:185)
	at org.apache.http.impl.client.CloseableHttpClient.execute(CloseableHttpClient.java:83)
	at us.codecraft.webmagic.downloader.HttpClientDownloader.download(HttpClientDownloader.java:85)
	at us.codecraft.webmagic.Spider.processRequest(Spider.java:404)
	at us.codecraft.webmagic.Spider.access$000(Spider.java:61)
	at us.codecraft.webmagic.Spider$1.run(Spider.java:320)
	at us.codecraft.webmagic.thread.CountableThreadPool$1.run(CountableThreadPool.java:74)
	at java.util.concurrent.ThreadPoolExecutor.runWorker(ThreadPoolExecutor.java:1149)
	at java.util.concurrent.ThreadPoolExecutor$Worker.run(ThreadPoolExecutor.java:624)
	at java.lang.Thread.run(Thread.java:748)
2019-11-25 09:43:46  WARN us.codecraft.webmagic.downloader.HttpClientDownloader pool-1-thread-7: - download page https://nj.koofang.com/ershoufang/103106409813.html error
javax.net.ssl.SSLPeerUnverifiedException: Certificate for <nj.koofang.com> doesn't match any of the subject alternative names: [*.c21.com.cn, c21.com.cn]
	at org.apache.http.conn.ssl.SSLConnectionSocketFactory.verifyHostname(SSLConnectionSocketFactory.java:507)
	at org.apache.http.conn.ssl.SSLConnectionSocketFactory.createLayeredSocket(SSLConnectionSocketFactory.java:437)
	at org.apache.http.conn.ssl.SSLConnectionSocketFactory.connectSocket(SSLConnectionSocketFactory.java:384)
	at org.apache.http.impl.conn.DefaultHttpClientConnectionOperator.connect(DefaultHttpClientConnectionOperator.java:142)
	at org.apache.http.impl.conn.PoolingHttpClientConnectionManager.connect(PoolingHttpClientConnectionManager.java:374)
	at org.apache.http.impl.execchain.MainClientExec.establishRoute(MainClientExec.java:393)
	at org.apache.http.impl.execchain.MainClientExec.execute(MainClientExec.java:236)
	at org.apache.http.impl.execchain.ProtocolExec.execute(ProtocolExec.java:186)
	at org.apache.http.impl.execchain.RetryExec.execute(RetryExec.java:89)
	at org.apache.http.impl.execchain.RedirectExec.execute(RedirectExec.java:110)
	at org.apache.http.impl.client.InternalHttpClient.doExecute(InternalHttpClient.java:185)
	at org.apache.http.impl.client.CloseableHttpClient.execute(CloseableHttpClient.java:83)
	at us.codecraft.webmagic.downloader.HttpClientDownloader.download(HttpClientDownloader.java:85)
	at us.codecraft.webmagic.Spider.processRequest(Spider.java:404)
	at us.codecraft.webmagic.Spider.access$000(Spider.java:61)
	at us.codecraft.webmagic.Spider$1.run(Spider.java:320)
	at us.codecraft.webmagic.thread.CountableThreadPool$1.run(CountableThreadPool.java:74)
	at java.util.concurrent.ThreadPoolExecutor.runWorker(ThreadPoolExecutor.java:1149)
	at java.util.concurrent.ThreadPoolExecutor$Worker.run(ThreadPoolExecutor.java:624)
	at java.lang.Thread.run(Thread.java:748)
2019-11-25 09:43:46  WARN us.codecraft.webmagic.downloader.HttpClientDownloader pool-1-thread-5: - download page https://nj.koofang.com/ershoufang/103104248762.html error
javax.net.ssl.SSLPeerUnverifiedException: Certificate for <nj.koofang.com> doesn't match any of the subject alternative names: [*.c21.com.cn, c21.com.cn]
	at org.apache.http.conn.ssl.SSLConnectionSocketFactory.verifyHostname(SSLConnectionSocketFactory.java:507)
	at org.apache.http.conn.ssl.SSLConnectionSocketFactory.createLayeredSocket(SSLConnectionSocketFactory.java:437)
	at org.apache.http.conn.ssl.SSLConnectionSocketFactory.connectSocket(SSLConnectionSocketFactory.java:384)
	at org.apache.http.impl.conn.DefaultHttpClientConnectionOperator.connect(DefaultHttpClientConnectionOperator.java:142)
	at org.apache.http.impl.conn.PoolingHttpClientConnectionManager.connect(PoolingHttpClientConnectionManager.java:374)
	at org.apache.http.impl.execchain.MainClientExec.establishRoute(MainClientExec.java:393)
	at org.apache.http.impl.execchain.MainClientExec.execute(MainClientExec.java:236)
	at org.apache.http.impl.execchain.ProtocolExec.execute(ProtocolExec.java:186)
	at org.apache.http.impl.execchain.RetryExec.execute(RetryExec.java:89)
	at org.apache.http.impl.execchain.RedirectExec.execute(RedirectExec.java:110)
	at org.apache.http.impl.client.InternalHttpClient.doExecute(InternalHttpClient.java:185)
	at org.apache.http.impl.client.CloseableHttpClient.execute(CloseableHttpClient.java:83)
	at us.codecraft.webmagic.downloader.HttpClientDownloader.download(HttpClientDownloader.java:85)
	at us.codecraft.webmagic.Spider.processRequest(Spider.java:404)
	at us.codecraft.webmagic.Spider.access$000(Spider.java:61)
	at us.codecraft.webmagic.Spider$1.run(Spider.java:320)
	at us.codecraft.webmagic.thread.CountableThreadPool$1.run(CountableThreadPool.java:74)
	at java.util.concurrent.ThreadPoolExecutor.runWorker(ThreadPoolExecutor.java:1149)
	at java.util.concurrent.ThreadPoolExecutor$Worker.run(ThreadPoolExecutor.java:624)
	at java.lang.Thread.run(Thread.java:748)
2019-11-25 09:43:46  WARN us.codecraft.webmagic.downloader.HttpClientDownloader pool-1-thread-3: - download page https://nj.koofang.com/ershoufang/103103714703.html error
javax.net.ssl.SSLPeerUnverifiedException: Certificate for <nj.koofang.com> doesn't match any of the subject alternative names: [*.c21.com.cn, c21.com.cn]
	at org.apache.http.conn.ssl.SSLConnectionSocketFactory.verifyHostname(SSLConnectionSocketFactory.java:507)
	at org.apache.http.conn.ssl.SSLConnectionSocketFactory.createLayeredSocket(SSLConnectionSocketFactory.java:437)
	at org.apache.http.conn.ssl.SSLConnectionSocketFactory.connectSocket(SSLConnectionSocketFactory.java:384)
	at org.apache.http.impl.conn.DefaultHttpClientConnectionOperator.connect(DefaultHttpClientConnectionOperator.java:142)
	at org.apache.http.impl.conn.PoolingHttpClientConnectionManager.connect(PoolingHttpClientConnectionManager.java:374)
	at org.apache.http.impl.execchain.MainClientExec.establishRoute(MainClientExec.java:393)
	at org.apache.http.impl.execchain.MainClientExec.execute(MainClientExec.java:236)
	at org.apache.http.impl.execchain.ProtocolExec.execute(ProtocolExec.java:186)
	at org.apache.http.impl.execchain.RetryExec.execute(RetryExec.java:89)
	at org.apache.http.impl.execchain.RedirectExec.execute(RedirectExec.java:110)
	at org.apache.http.impl.client.InternalHttpClient.doExecute(InternalHttpClient.java:185)
	at org.apache.http.impl.client.CloseableHttpClient.execute(CloseableHttpClient.java:83)
	at us.codecraft.webmagic.downloader.HttpClientDownloader.download(HttpClientDownloader.java:85)
	at us.codecraft.webmagic.Spider.processRequest(Spider.java:404)
	at us.codecraft.webmagic.Spider.access$000(Spider.java:61)
	at us.codecraft.webmagic.Spider$1.run(Spider.java:320)
	at us.codecraft.webmagic.thread.CountableThreadPool$1.run(CountableThreadPool.java:74)
	at java.util.concurrent.ThreadPoolExecutor.runWorker(ThreadPoolExecutor.java:1149)
	at java.util.concurrent.ThreadPoolExecutor$Worker.run(ThreadPoolExecutor.java:624)
	at java.lang.Thread.run(Thread.java:748)
2019-11-25 09:43:46  WARN us.codecraft.webmagic.downloader.HttpClientDownloader pool-1-thread-4: - download page https://nj.koofang.com/ershoufang/103104046982.html error
javax.net.ssl.SSLPeerUnverifiedException: Certificate for <nj.koofang.com> doesn't match any of the subject alternative names: [*.c21.com.cn, c21.com.cn]
	at org.apache.http.conn.ssl.SSLConnectionSocketFactory.verifyHostname(SSLConnectionSocketFactory.java:507)
	at org.apache.http.conn.ssl.SSLConnectionSocketFactory.createLayeredSocket(SSLConnectionSocketFactory.java:437)
	at org.apache.http.conn.ssl.SSLConnectionSocketFactory.connectSocket(SSLConnectionSocketFactory.java:384)
	at org.apache.http.impl.conn.DefaultHttpClientConnectionOperator.connect(DefaultHttpClientConnectionOperator.java:142)
	at org.apache.http.impl.conn.PoolingHttpClientConnectionManager.connect(PoolingHttpClientConnectionManager.java:374)
	at org.apache.http.impl.execchain.MainClientExec.establishRoute(MainClientExec.java:393)
	at org.apache.http.impl.execchain.MainClientExec.execute(MainClientExec.java:236)
	at org.apache.http.impl.execchain.ProtocolExec.execute(ProtocolExec.java:186)
	at org.apache.http.impl.execchain.RetryExec.execute(RetryExec.java:89)
	at org.apache.http.impl.execchain.RedirectExec.execute(RedirectExec.java:110)
	at org.apache.http.impl.client.InternalHttpClient.doExecute(InternalHttpClient.java:185)
	at org.apache.http.impl.client.CloseableHttpClient.execute(CloseableHttpClient.java:83)
	at us.codecraft.webmagic.downloader.HttpClientDownloader.download(HttpClientDownloader.java:85)
	at us.codecraft.webmagic.Spider.processRequest(Spider.java:404)
	at us.codecraft.webmagic.Spider.access$000(Spider.java:61)
	at us.codecraft.webmagic.Spider$1.run(Spider.java:320)
	at us.codecraft.webmagic.thread.CountableThreadPool$1.run(CountableThreadPool.java:74)
	at java.util.concurrent.ThreadPoolExecutor.runWorker(ThreadPoolExecutor.java:1149)
	at java.util.concurrent.ThreadPoolExecutor$Worker.run(ThreadPoolExecutor.java:624)
	at java.lang.Thread.run(Thread.java:748)
2019-11-25 09:43:47  INFO us.codecraft.webmagic.Spider main: - Spider nj.c21.com.cn closed! 7 pages downloaded.
2019-11-25 09:45:39  INFO us.codecraft.webmagic.Spider main: - Spider nj.c21.com.cn started!
2019-11-25 09:45:40  INFO us.codecraft.webmagic.downloader.HttpClientDownloader pool-1-thread-1: - downloading page success https://nj.c21.com.cn/ershoufang/esf/pg1
2019-11-25 09:45:42  INFO us.codecraft.webmagic.downloader.HttpClientDownloader pool-1-thread-2: - downloading page success https://nj.c21.com.cn/ershoufang/103102617462.html
2019-11-25 09:45:42  INFO us.codecraft.webmagic.downloader.HttpClientDownloader pool-1-thread-4: - downloading page success https://nj.c21.com.cn/ershoufang/103104046982.html
2019-11-25 09:45:42  INFO us.codecraft.webmagic.downloader.HttpClientDownloader pool-1-thread-7: - downloading page success https://nj.c21.com.cn/ershoufang/103106409813.html
2019-11-25 09:45:42  INFO us.codecraft.webmagic.downloader.HttpClientDownloader pool-1-thread-3: - downloading page success https://nj.c21.com.cn/ershoufang/103103714703.html
2019-11-25 09:45:42  INFO us.codecraft.webmagic.downloader.HttpClientDownloader pool-1-thread-6: - downloading page success https://nj.c21.com.cn/ershoufang/103105428945.html
2019-11-25 09:45:42  INFO us.codecraft.webmagic.downloader.HttpClientDownloader pool-1-thread-5: - downloading page success https://nj.c21.com.cn/ershoufang/103104248762.html
2019-11-25 09:45:43  INFO us.codecraft.webmagic.Spider main: - Spider nj.c21.com.cn closed! 7 pages downloaded.
2019-11-25 11:24:50  INFO us.codecraft.webmagic.Spider main: - Spider nj.c21.com.cn started!
2019-11-25 11:24:51  INFO us.codecraft.webmagic.downloader.HttpClientDownloader pool-1-thread-1: - downloading page success https://nj.c21.com.cn/ershoufang/esf/pg1
2019-11-25 11:24:52  INFO us.codecraft.webmagic.downloader.HttpClientDownloader pool-1-thread-3: - downloading page success https://nj.c21.com.cn/ershoufang/103103714703.html
2019-11-25 11:24:52  INFO us.codecraft.webmagic.downloader.HttpClientDownloader pool-1-thread-6: - downloading page success https://nj.c21.com.cn/ershoufang/103105428945.html
2019-11-25 11:24:52  INFO us.codecraft.webmagic.downloader.HttpClientDownloader pool-1-thread-2: - downloading page success https://nj.c21.com.cn/ershoufang/103102617462.html
2019-11-25 11:24:52  INFO us.codecraft.webmagic.downloader.HttpClientDownloader pool-1-thread-4: - downloading page success https://nj.c21.com.cn/ershoufang/103104046982.html
2019-11-25 11:24:52  INFO us.codecraft.webmagic.downloader.HttpClientDownloader pool-1-thread-5: - downloading page success https://nj.c21.com.cn/ershoufang/103104248762.html
2019-11-25 11:24:52  INFO us.codecraft.webmagic.downloader.HttpClientDownloader pool-1-thread-7: - downloading page success https://nj.c21.com.cn/ershoufang/103106409813.html
2019-11-25 11:24:54  INFO us.codecraft.webmagic.Spider main: - Spider nj.c21.com.cn closed! 7 pages downloaded.
