2019-11-25 09:48:19 ERROR com.house365.collector.base.pipeline.ActiveMQPipeline main: - Could not connect to broker URL: tcp://localhost:61616. Reason: java.net.ConnectException: Connection refused (Connection refused)
javax.jms.JMSException: Could not connect to broker URL: tcp://localhost:61616. Reason: java.net.ConnectException: Connection refused (Connection refused)
	at org.apache.activemq.util.JMSExceptionSupport.create(JMSExceptionSupport.java:36)
	at org.apache.activemq.ActiveMQConnectionFactory.createActiveMQConnection(ActiveMQConnectionFactory.java:374)
	at org.apache.activemq.ActiveMQConnectionFactory.createActiveMQConnection(ActiveMQConnectionFactory.java:304)
	at org.apache.activemq.ActiveMQConnectionFactory.createConnection(ActiveMQConnectionFactory.java:244)
	at com.house365.collector.base.pipeline.ActiveMQPipeline.init(ActiveMQPipeline.java:27)
	at com.house365.collector.base.pipeline.ActiveMQPipeline.<init>(ActiveMQPipeline.java:42)
	at com.house365.collector.century21.sell.Century21SellLatestLauncher.main(Century21SellLatestLauncher.java:26)
Caused by: java.net.ConnectException: Connection refused (Connection refused)
	at java.net.PlainSocketImpl.socketConnect(Native Method)
	at java.net.AbstractPlainSocketImpl.doConnect(AbstractPlainSocketImpl.java:350)
	at java.net.AbstractPlainSocketImpl.connectToAddress(AbstractPlainSocketImpl.java:206)
	at java.net.AbstractPlainSocketImpl.connect(AbstractPlainSocketImpl.java:188)
	at java.net.SocksSocketImpl.connect(SocksSocketImpl.java:392)
	at java.net.Socket.connect(Socket.java:589)
	at org.apache.activemq.transport.tcp.TcpTransport.connect(TcpTransport.java:525)
	at org.apache.activemq.transport.tcp.TcpTransport.doStart(TcpTransport.java:488)
	at org.apache.activemq.util.ServiceSupport.start(ServiceSupport.java:55)
	at org.apache.activemq.transport.AbstractInactivityMonitor.start(AbstractInactivityMonitor.java:169)
	at org.apache.activemq.transport.InactivityMonitor.start(InactivityMonitor.java:52)
	at org.apache.activemq.transport.TransportFilter.start(TransportFilter.java:64)
	at org.apache.activemq.transport.WireFormatNegotiator.start(WireFormatNegotiator.java:72)
	at org.apache.activemq.transport.TransportFilter.start(TransportFilter.java:64)
	at org.apache.activemq.transport.TransportFilter.start(TransportFilter.java:64)
	at org.apache.activemq.ActiveMQConnectionFactory.createActiveMQConnection(ActiveMQConnectionFactory.java:354)
	... 5 common frames omitted
2019-11-25 09:48:19  INFO us.codecraft.webmagic.Spider main: - Spider nj.c21.com.cn started!
2019-11-25 09:48:19  INFO us.codecraft.webmagic.downloader.HttpClientDownloader pool-1-thread-1: - downloading page success https://nj.c21.com.cn/ershoufang/esf/pg1
2019-11-25 09:48:21  INFO us.codecraft.webmagic.downloader.HttpClientDownloader pool-1-thread-4: - downloading page success https://nj.c21.com.cn/ershoufang/103104046982.html
2019-11-25 09:48:21  INFO us.codecraft.webmagic.downloader.HttpClientDownloader pool-1-thread-7: - downloading page success https://nj.c21.com.cn/ershoufang/103106409813.html
2019-11-25 09:48:21  INFO us.codecraft.webmagic.downloader.HttpClientDownloader pool-1-thread-5: - downloading page success https://nj.c21.com.cn/ershoufang/103104248762.html
2019-11-25 09:48:21 ERROR com.house365.collector.base.pipeline.ActiveMQPipeline pool-1-thread-4: - null
java.lang.NullPointerException: null
	at com.house365.collector.base.pipeline.ActiveMQPipeline.sendToMQ(ActiveMQPipeline.java:49)
	at com.house365.collector.base.pipeline.AbstractMQPipeline.process(AbstractMQPipeline.java:50)
	at us.codecraft.webmagic.Spider.onDownloadSuccess(Spider.java:418)
	at us.codecraft.webmagic.Spider.processRequest(Spider.java:406)
	at us.codecraft.webmagic.Spider.access$000(Spider.java:61)
	at us.codecraft.webmagic.Spider$1.run(Spider.java:320)
	at us.codecraft.webmagic.thread.CountableThreadPool$1.run(CountableThreadPool.java:74)
	at java.util.concurrent.ThreadPoolExecutor.runWorker(ThreadPoolExecutor.java:1149)
	at java.util.concurrent.ThreadPoolExecutor$Worker.run(ThreadPoolExecutor.java:624)
	at java.lang.Thread.run(Thread.java:748)
2019-11-25 09:48:21 ERROR com.house365.collector.base.pipeline.ActiveMQPipeline pool-1-thread-5: - null
java.lang.NullPointerException: null
	at com.house365.collector.base.pipeline.ActiveMQPipeline.sendToMQ(ActiveMQPipeline.java:49)
	at com.house365.collector.base.pipeline.AbstractMQPipeline.process(AbstractMQPipeline.java:50)
	at us.codecraft.webmagic.Spider.onDownloadSuccess(Spider.java:418)
	at us.codecraft.webmagic.Spider.processRequest(Spider.java:406)
	at us.codecraft.webmagic.Spider.access$000(Spider.java:61)
	at us.codecraft.webmagic.Spider$1.run(Spider.java:320)
	at us.codecraft.webmagic.thread.CountableThreadPool$1.run(CountableThreadPool.java:74)
	at java.util.concurrent.ThreadPoolExecutor.runWorker(ThreadPoolExecutor.java:1149)
	at java.util.concurrent.ThreadPoolExecutor$Worker.run(ThreadPoolExecutor.java:624)
	at java.lang.Thread.run(Thread.java:748)
2019-11-25 09:48:21 ERROR com.house365.collector.base.pipeline.ActiveMQPipeline pool-1-thread-7: - null
java.lang.NullPointerException: null
	at com.house365.collector.base.pipeline.ActiveMQPipeline.sendToMQ(ActiveMQPipeline.java:49)
	at com.house365.collector.base.pipeline.AbstractMQPipeline.process(AbstractMQPipeline.java:50)
	at us.codecraft.webmagic.Spider.onDownloadSuccess(Spider.java:418)
	at us.codecraft.webmagic.Spider.processRequest(Spider.java:406)
	at us.codecraft.webmagic.Spider.access$000(Spider.java:61)
	at us.codecraft.webmagic.Spider$1.run(Spider.java:320)
	at us.codecraft.webmagic.thread.CountableThreadPool$1.run(CountableThreadPool.java:74)
	at java.util.concurrent.ThreadPoolExecutor.runWorker(ThreadPoolExecutor.java:1149)
	at java.util.concurrent.ThreadPoolExecutor$Worker.run(ThreadPoolExecutor.java:624)
	at java.lang.Thread.run(Thread.java:748)
2019-11-25 09:48:21  INFO us.codecraft.webmagic.downloader.HttpClientDownloader pool-1-thread-2: - downloading page success https://nj.c21.com.cn/ershoufang/103102617462.html
2019-11-25 09:48:21 ERROR com.house365.collector.base.pipeline.ActiveMQPipeline pool-1-thread-2: - null
java.lang.NullPointerException: null
	at com.house365.collector.base.pipeline.ActiveMQPipeline.sendToMQ(ActiveMQPipeline.java:49)
	at com.house365.collector.base.pipeline.AbstractMQPipeline.process(AbstractMQPipeline.java:50)
	at us.codecraft.webmagic.Spider.onDownloadSuccess(Spider.java:418)
	at us.codecraft.webmagic.Spider.processRequest(Spider.java:406)
	at us.codecraft.webmagic.Spider.access$000(Spider.java:61)
	at us.codecraft.webmagic.Spider$1.run(Spider.java:320)
	at us.codecraft.webmagic.thread.CountableThreadPool$1.run(CountableThreadPool.java:74)
	at java.util.concurrent.ThreadPoolExecutor.runWorker(ThreadPoolExecutor.java:1149)
	at java.util.concurrent.ThreadPoolExecutor$Worker.run(ThreadPoolExecutor.java:624)
	at java.lang.Thread.run(Thread.java:748)
2019-11-25 09:48:21  INFO us.codecraft.webmagic.downloader.HttpClientDownloader pool-1-thread-3: - downloading page success https://nj.c21.com.cn/ershoufang/103103714703.html
2019-11-25 09:48:21  INFO us.codecraft.webmagic.downloader.HttpClientDownloader pool-1-thread-6: - downloading page success https://nj.c21.com.cn/ershoufang/103105428945.html
2019-11-25 09:48:21 ERROR com.house365.collector.base.pipeline.ActiveMQPipeline pool-1-thread-3: - null
java.lang.NullPointerException: null
	at com.house365.collector.base.pipeline.ActiveMQPipeline.sendToMQ(ActiveMQPipeline.java:49)
	at com.house365.collector.base.pipeline.AbstractMQPipeline.process(AbstractMQPipeline.java:50)
	at us.codecraft.webmagic.Spider.onDownloadSuccess(Spider.java:418)
	at us.codecraft.webmagic.Spider.processRequest(Spider.java:406)
	at us.codecraft.webmagic.Spider.access$000(Spider.java:61)
	at us.codecraft.webmagic.Spider$1.run(Spider.java:320)
	at us.codecraft.webmagic.thread.CountableThreadPool$1.run(CountableThreadPool.java:74)
	at java.util.concurrent.ThreadPoolExecutor.runWorker(ThreadPoolExecutor.java:1149)
	at java.util.concurrent.ThreadPoolExecutor$Worker.run(ThreadPoolExecutor.java:624)
	at java.lang.Thread.run(Thread.java:748)
2019-11-25 09:48:21 ERROR com.house365.collector.base.pipeline.ActiveMQPipeline pool-1-thread-6: - null
java.lang.NullPointerException: null
	at com.house365.collector.base.pipeline.ActiveMQPipeline.sendToMQ(ActiveMQPipeline.java:49)
	at com.house365.collector.base.pipeline.AbstractMQPipeline.process(AbstractMQPipeline.java:50)
	at us.codecraft.webmagic.Spider.onDownloadSuccess(Spider.java:418)
	at us.codecraft.webmagic.Spider.processRequest(Spider.java:406)
	at us.codecraft.webmagic.Spider.access$000(Spider.java:61)
	at us.codecraft.webmagic.Spider$1.run(Spider.java:320)
	at us.codecraft.webmagic.thread.CountableThreadPool$1.run(CountableThreadPool.java:74)
	at java.util.concurrent.ThreadPoolExecutor.runWorker(ThreadPoolExecutor.java:1149)
	at java.util.concurrent.ThreadPoolExecutor$Worker.run(ThreadPoolExecutor.java:624)
	at java.lang.Thread.run(Thread.java:748)
2019-11-25 09:48:22  INFO us.codecraft.webmagic.Spider main: - Spider nj.c21.com.cn closed! 7 pages downloaded.
